[dynet] random seed: 1745596211
[dynet] allocating memory: 512MB
[dynet] memory allocation done.
Data lengths
transfer-language 0 0 0
test-language 10100 10100 10100
dev 50 50 50
test 50 50
Characters: ['a', 'b', 'n', 'o', 'l', 't', 'm', 'p', 'u', 'ö', 'f', 'ü', 'i', 'e', 'c', 'z', 's', 'ô', 'r', 'w', 'h', 'k', 'ë', 'g', 'd', 'v', 'â', '<EOS>', ' ']
Vocab size: 29
All tags: ['V', 'PST', 'PL', '2', 'IND', 'SBJV', 'NFIN', 'PRS', 'ACC', 'NOM', 'SG', '1', 'IMP', 'N', 'GEN', 'DAT', 'PTCP', '3', '<NULL>']
Tag vocab size: 19
[lr=0.1 clips=1075 updates=2020] on 0: Epoch 0 : 10474.554488124326
on 0: 	 COPY Accuracy: 1.0 average edit distance: 0.0
on 0: Accuracy good enough, breaking
Burning in middle-high-german: |⚠︎                                       | (!) 0/100 [0%] in 43.9s (0.00/s) 
[lr=0.1 clips=11938 updates=14130] on 0: Epoch  0  :  205617.22194309087
on 0: 	 COPY Accuracy:  1.0  average edit distance:  0.0
on 0: 	 TASK Accuracy:  0.0  average edit distance:  5.36
[lr=0.1 clips=10105 updates=14170] on 1: Epoch  1  :  189428.83117305243
on 1: 	 COPY Accuracy:  1.0  average edit distance:  0.0
on 1: 	 TASK Accuracy:  0.0  average edit distance:  6.12
[lr=0.1 clips=9486 updates=14179] on 2: Epoch  2  :  184951.16853236943
on 2: 	 COPY Accuracy:  1.0  average edit distance:  0.0
on 2: 	 TASK Accuracy:  0.0  average edit distance:  6.08
[lr=0.1 clips=9341 updates=14234] on 3: Epoch  3  :  183996.5431336721
on 3: 	 COPY Accuracy:  0.9  average edit distance:  0.4
on 3: 	 TASK Accuracy:  0.02  average edit distance:  5.34
[lr=0.1 clips=9215 updates=14176] on 4: Epoch  4  :  182452.96830953492
on 4: 	 COPY Accuracy:  0.95  average edit distance:  0.05
on 4: 	 TASK Accuracy:  0.02  average edit distance:  4.96
[lr=0.1 clips=9125 updates=14147] on 5: Epoch  5  :  181341.84517499967
on 5: 	 COPY Accuracy:  0.95  average edit distance:  0.05
on 5: 	 TASK Accuracy:  0.02  average edit distance:  5.72
[lr=0.1 clips=8960 updates=14127] on 6: Epoch  6  :  180812.42206746477
on 6: 	 COPY Accuracy:  0.7  average edit distance:  0.9
on 6: 	 TASK Accuracy:  0.03  average edit distance:  5.12
[lr=0.1 clips=9108 updates=14139] on 7: Epoch  7  :  180830.9582673937
on 7: 	 COPY Accuracy:  1.0  average edit distance:  0.0
on 7: 	 TASK Accuracy:  0.01  average edit distance:  5.32
[lr=0.1 clips=9126 updates=14105] on 8: Epoch  8  :  179198.9481322641
on 8: 	 COPY Accuracy:  0.9  average edit distance:  0.1
on 8: 	 TASK Accuracy:  0.02  average edit distance:  4.94
[lr=0.1 clips=9096 updates=14131] on 9: Epoch  9  :  179641.4263301621
on 9: 	 COPY Accuracy:  1.0  average edit distance:  0.0
on 9: 	 TASK Accuracy:  0.01  average edit distance:  5.54
[lr=0.1 clips=9054 updates=14167] on 10: Epoch  10  :  179101.25958091297
on 10: 	 COPY Accuracy:  0.95  average edit distance:  0.05
on 10: 	 TASK Accuracy:  0.01  average edit distance:  5.04
[lr=0.1 clips=9129 updates=14195] on 11: Epoch  11  :  179084.29843512058
on 11: 	 COPY Accuracy:  1.0  average edit distance:  0.0
on 11: 	 TASK Accuracy:  0.01  average edit distance:  5.02
[lr=0.1 clips=9157 updates=14151] on 12: Epoch  12  :  178140.69048293005
on 12: 	 COPY Accuracy:  1.0  average edit distance:  0.0
on 12: 	 TASK Accuracy:  0.01  average edit distance:  5.3
[lr=0.1 clips=9188 updates=14213] on 13: Epoch  13  :  178344.416023676
on 13: 	 COPY Accuracy:  0.9  average edit distance:  0.1
on 13: 	 TASK Accuracy:  0.01  average edit distance:  4.94
on 13: Restarting the trainer with half the learning rate!
[lr=0.05 clips=8557 updates=14166] on 14: Epoch  14  :  174086.93347223935
on 14: 	 COPY Accuracy:  1.0  average edit distance:  0.0
on 14: 	 TASK Accuracy:  0.02  average edit distance:  4.88
[lr=0.05 clips=8695 updates=14136] on 15: Epoch  15  :  171332.62100174656
on 15: 	 COPY Accuracy:  1.0  average edit distance:  0.0
on 15: 	 TASK Accuracy:  0.03  average edit distance:  4.18
[lr=0.05 clips=8818 updates=14116] on 16: Epoch  16  :  170998.89742816315
on 16: 	 COPY Accuracy:  1.0  average edit distance:  0.0
on 16: 	 TASK Accuracy:  0.0  average edit distance:  4.66
[lr=0.05 clips=9099 updates=14065] on 17: Epoch  17  :  169630.7111808234
on 17: 	 COPY Accuracy:  1.0  average edit distance:  0.0
on 17: 	 TASK Accuracy:  0.02  average edit distance:  3.92
[lr=0.05 clips=9262 updates=14090] on 18: Epoch  18  :  168376.0363344362
on 18: 	 COPY Accuracy:  1.0  average edit distance:  0.0
on 18: 	 TASK Accuracy:  0.02  average edit distance:  4.38
[lr=0.05 clips=9453 updates=14107] on 19: Epoch  19  :  167681.26640803693
on 19: 	 COPY Accuracy:  1.0  average edit distance:  0.0
on 19: 	 TASK Accuracy:  0.04  average edit distance:  3.5
[lr=0.05 clips=9680 updates=14005] on 20: Epoch  20  :  167427.83658156186
on 20: 	 COPY Accuracy:  1.0  average edit distance:  0.0
on 20: 	 TASK Accuracy:  0.03  average edit distance:  3.82
[lr=0.05 clips=9893 updates=14188] on 21: Epoch  21  :  166770.56189242253
on 21: 	 COPY Accuracy:  1.0  average edit distance:  0.0
on 21: 	 TASK Accuracy:  0.05  average edit distance:  3.0
[lr=0.05 clips=9945 updates=14198] on 22: Epoch  22  :  167021.89372379013
on 22: 	 COPY Accuracy:  1.0  average edit distance:  0.0
on 22: 	 TASK Accuracy:  0.06  average edit distance:  3.04
[lr=0.05 clips=10063 updates=14140] on 23: Epoch  23  :  165604.43488166778
on 23: 	 COPY Accuracy:  0.9  average edit distance:  0.1
on 23: 	 TASK Accuracy:  0.08  average edit distance:  2.8
[lr=0.05 clips=10179 updates=14218] on 24: Epoch  24  :  165395.47334696117
on 24: 	 COPY Accuracy:  1.0  average edit distance:  0.0
on 24: 	 TASK Accuracy:  0.05  average edit distance:  3.34
[lr=0.05 clips=10288 updates=14210] on 25: Epoch  25  :  164785.34080250678
on 25: 	 COPY Accuracy:  1.0  average edit distance:  0.0
on 25: 	 TASK Accuracy:  0.05  average edit distance:  2.7
[lr=0.05 clips=10335 updates=14053] on 26: Epoch  26  :  164223.8657942823
on 26: 	 COPY Accuracy:  1.0  average edit distance:  0.0
on 26: 	 TASK Accuracy:  0.07  average edit distance:  2.34
[lr=0.05 clips=10367 updates=14095] on 27: Epoch  27  :  163786.58479343314
on 27: 	 COPY Accuracy:  1.0  average edit distance:  0.0
on 27: 	 TASK Accuracy:  0.05  average edit distance:  2.64
[lr=0.05 clips=10399 updates=14037] on 28: Epoch  28  :  162966.32737640626
on 28: 	 COPY Accuracy:  1.0  average edit distance:  0.0
on 28: 	 TASK Accuracy:  0.09  average edit distance:  2.72
[lr=0.05 clips=10473 updates=14206] on 29: Epoch  29  :  162972.21291838877
on 29: 	 COPY Accuracy:  1.0  average edit distance:  0.0
on 29: 	 TASK Accuracy:  0.06  average edit distance:  2.68
[lr=0.05 clips=10524 updates=14136] on 30: Epoch  30  :  162428.1380407086
on 30: 	 COPY Accuracy:  1.0  average edit distance:  0.0
on 30: 	 TASK Accuracy:  0.05  average edit distance:  2.84
[lr=0.05 clips=10612 updates=14185] on 31: Epoch  31  :  162237.2345306361
on 31: 	 COPY Accuracy:  1.0  average edit distance:  0.0
on 31: 	 TASK Accuracy:  0.05  average edit distance:  2.62
[lr=0.05 clips=10572 updates=14132] on 32: Epoch  32  :  161200.27538675215
on 32: 	 COPY Accuracy:  1.0  average edit distance:  0.0
on 32: 	 TASK Accuracy:  0.07  average edit distance:  2.54
[lr=0.05 clips=10561 updates=14102] on 33: Epoch  33  :  160675.64773252342
on 33: 	 COPY Accuracy:  1.0  average edit distance:  0.0
on 33: 	 TASK Accuracy:  0.05  average edit distance:  2.66
[lr=0.05 clips=10582 updates=14080] on 34: Epoch  34  :  160112.3685552523
on 34: 	 COPY Accuracy:  1.0  average edit distance:  0.0
on 34: 	 TASK Accuracy:  0.06  average edit distance:  2.8
[lr=0.05 clips=10605 updates=14190] on 35: Epoch  35  :  159207.3132757509
on 35: 	 COPY Accuracy:  1.0  average edit distance:  0.0
on 35: 	 TASK Accuracy:  0.05  average edit distance:  2.28
on 35: Restarting the trainer with half the learning rate!
Pretraining middle-high-german: |███████████████████████████████████⚠︎    | (!) 35/40 [88%] in 21:33.7 (0.03/s) 
Best dev accuracy after pre-training:  0.09
Best dev lev distance after pre-training:  2.28
on 0: Epoch  0  :  186666.13071952097
[lr=0.1 clips=10621 updates=12125] on 0: 	 COPY Accuracy:  0.85  average edit distance:  0.15
on 0: 	 TASK Accuracy:  0.12  average edit distance:  3.16
on 1: Epoch  1  :  189449.1740091301
[lr=0.1 clips=10605 updates=12140] on 1: 	 COPY Accuracy:  0.9  average edit distance:  0.3
on 1: 	 TASK Accuracy:  0.06  average edit distance:  5.16
on 2: Epoch  2  :  192465.83465111774
[lr=0.1 clips=10572 updates=12114] on 2: 	 COPY Accuracy:  0.85  average edit distance:  0.15
on 2: 	 TASK Accuracy:  0.04  average edit distance:  4.0
on 3: Epoch  3  :  195079.1591737524
[lr=0.1 clips=10552 updates=12162] on 3: 	 COPY Accuracy:  0.95  average edit distance:  0.05
on 3: 	 TASK Accuracy:  0.06  average edit distance:  4.86
on 4: Epoch  4  :  194127.03788013943
[lr=0.1 clips=10501 updates=12161] on 4: 	 COPY Accuracy:  0.85  average edit distance:  0.6
on 4: 	 TASK Accuracy:  0.0  average edit distance:  6.0
on 5: Epoch  5  :  196994.87068714737
[lr=0.1 clips=10446 updates=12192] on 5: 	 COPY Accuracy:  0.65  average edit distance:  0.65
on 5: 	 TASK Accuracy:  0.02  average edit distance:  5.74
on 6: Epoch  6  :  196009.57739249387
[lr=0.1 clips=10183 updates=12149] on 6: 	 COPY Accuracy:  0.55  average edit distance:  0.75
on 6: 	 TASK Accuracy:  0.02  average edit distance:  4.78
on 7: Epoch  7  :  198153.88796992615
[lr=0.1 clips=10416 updates=12140] on 7: 	 COPY Accuracy:  0.75  average edit distance:  0.4
on 7: 	 TASK Accuracy:  0.0  average edit distance:  5.66
on 7: Restarting the trainer with half the learning rate!
on 8: Epoch  8  :  181620.34807091363
[lr=0.05 clips=10461 updates=12140] on 8: 	 COPY Accuracy:  1.0  average edit distance:  0.0
on 8: 	 TASK Accuracy:  0.14  average edit distance:  2.54
on 9: Epoch  9  :  178898.04042270497
[lr=0.05 clips=10486 updates=12019] on 9: 	 COPY Accuracy:  1.0  average edit distance:  0.0
on 9: 	 TASK Accuracy:  0.18  average edit distance:  2.84
on 10: Epoch  10  :  177389.85222864832
[lr=0.05 clips=10493 updates=12109] on 10: 	 COPY Accuracy:  1.0  average edit distance:  0.0
on 10: 	 TASK Accuracy:  0.08  average edit distance:  2.38
on 11: Epoch  11  :  176383.48200544828
[lr=0.05 clips=10509 updates=12037] on 11: 	 COPY Accuracy:  1.0  average edit distance:  0.0
on 11: 	 TASK Accuracy:  0.14  average edit distance:  2.04
on 12: Epoch  12  :  175385.51792315522
[lr=0.05 clips=10523 updates=12175] on 12: 	 COPY Accuracy:  1.0  average edit distance:  0.0
on 12: 	 TASK Accuracy:  0.12  average edit distance:  1.92
on 13: Epoch  13  :  174928.17388649707
[lr=0.05 clips=10563 updates=12142] on 13: 	 COPY Accuracy:  1.0  average edit distance:  0.0
on 13: 	 TASK Accuracy:  0.08  average edit distance:  2.22
on 14: Epoch  14  :  173722.9872111546
[lr=0.05 clips=10519 updates=12101] on 14: 	 COPY Accuracy:  1.0  average edit distance:  0.0
on 14: 	 TASK Accuracy:  0.08  average edit distance:  2.56
on 15: Epoch  15  :  174159.72238426766
[lr=0.05 clips=10584 updates=12124] on 15: 	 COPY Accuracy:  0.9  average edit distance:  0.1
on 15: 	 TASK Accuracy:  0.04  average edit distance:  2.34
on 16: Epoch  16  :  173487.02416473374
[lr=0.05 clips=10571 updates=12152] on 16: 	 COPY Accuracy:  0.95  average edit distance:  0.05
on 16: 	 TASK Accuracy:  0.12  average edit distance:  2.06
on 16: Restarting the trainer with half the learning rate!
Finetuning (1) middle-high-german: |████████████████⚠︎                       | (!) 16/40 [40%] in 8:49.3 (0.03/s) 
on 0: Epoch  0  :  166983.69172574487
[lr=0.05 clips=9998 updates=10100] on 0: 	 COPY Accuracy:  1.0  average edit distance:  0.0
on 0: 	 TASK Accuracy:  0.02  average edit distance:  3.6
on 0: Restarting the trainer with half the learning rate!
on 1: Epoch  1  :  168405.44930761936
[lr=0.025 clips=9933 updates=10100] on 1: 	 COPY Accuracy:  1.0  average edit distance:  0.0
on 1: 	 TASK Accuracy:  0.04  average edit distance:  3.12
on 2: Epoch  2  :  166970.18472218886
[lr=0.025 clips=9956 updates=10100] on 2: 	 COPY Accuracy:  1.0  average edit distance:  0.0
on 2: 	 TASK Accuracy:  0.06  average edit distance:  2.72
on 3: Epoch  3  :  165353.75366745517
[lr=0.025 clips=9997 updates=10100] on 3: 	 COPY Accuracy:  1.0  average edit distance:  0.0
on 3: 	 TASK Accuracy:  0.08  average edit distance:  2.48
on 4: Epoch  4  :  163730.75945719169
[lr=0.025 clips=10034 updates=10100] on 4: 	 COPY Accuracy:  1.0  average edit distance:  0.0
on 4: 	 TASK Accuracy:  0.1  average edit distance:  2.22
on 5: Epoch  5  :  163286.23071933072
[lr=0.025 clips=10036 updates=10100] on 5: 	 COPY Accuracy:  1.0  average edit distance:  0.0
on 5: 	 TASK Accuracy:  0.04  average edit distance:  2.34
on 6: Epoch  6  :  162344.50440479815
[lr=0.025 clips=10043 updates=10100] on 6: 	 COPY Accuracy:  1.0  average edit distance:  0.0
on 6: 	 TASK Accuracy:  0.12  average edit distance:  2.58
on 7: Epoch  7  :  160982.9258773746
[lr=0.025 clips=10029 updates=10100] on 7: 	 COPY Accuracy:  1.0  average edit distance:  0.0
on 7: 	 TASK Accuracy:  0.12  average edit distance:  2.16
on 7: Restarting the trainer with half the learning rate!
on 8: Epoch  8  :  168456.08409155533
[lr=0.0125 clips=9901 updates=10100] on 8: 	 COPY Accuracy:  1.0  average edit distance:  0.0
on 8: 	 TASK Accuracy:  0.06  average edit distance:  2.7
on 9: Epoch  9  :  166331.17696368042
[lr=0.0125 clips=9952 updates=10100] on 9: 	 COPY Accuracy:  1.0  average edit distance:  0.0
on 9: 	 TASK Accuracy:  0.08  average edit distance:  2.64
on 10: Epoch  10  :  165054.73495912924
[lr=0.0125 clips=10004 updates=10100] on 10: 	 COPY Accuracy:  1.0  average edit distance:  0.0
on 10: 	 TASK Accuracy:  0.08  average edit distance:  2.56
on 11: Epoch  11  :  163879.04358949699
[lr=0.0125 clips=10010 updates=10100] on 11: 	 COPY Accuracy:  0.9  average edit distance:  0.1
on 11: 	 TASK Accuracy:  0.06  average edit distance:  2.34
on 12: Epoch  12  :  162700.29873847356
[lr=0.0125 clips=10031 updates=10100] on 12: 	 COPY Accuracy:  1.0  average edit distance:  0.0
on 12: 	 TASK Accuracy:  0.04  average edit distance:  2.34
on 13: Epoch  13  :  161640.05617524846
[lr=0.0125 clips=10031 updates=10100] on 13: 	 COPY Accuracy:  1.0  average edit distance:  0.0
on 13: 	 TASK Accuracy:  0.12  average edit distance:  2.32
on 14: Epoch  14  :  161303.73354245536
[lr=0.0125 clips=10032 updates=10100] on 14: 	 COPY Accuracy:  1.0  average edit distance:  0.0
on 14: 	 TASK Accuracy:  0.08  average edit distance:  2.24
on 14: Restarting the trainer with half the learning rate!
Finetuning (2) middle-high-german: |██████████████⚠︎                         | (!) 14/40 [35%] in 6:15.2 (0.04/s) 
Best dev accuracy after finetuning:  0.18
Best dev lev distance after finetuning:  1.92
Training time: 2242.1618180274963 seconds
