[dynet] random seed: 271491236
[dynet] allocating memory: 512MB
[dynet] memory allocation done.
Data lengths
transfer-language 0 0 0
test-language 10100 10100 10100
dev 100 100 100
test 100 100
Characters: ['z', 'w', 'o', 'ċ', 'x', 'e', 't', 'f', 's', 'v', 'g', 'b', 'h', 'q', 'a', 'u', ' ', 'i', 'ż', 'l', 'd', 'n', 'j', 'm', 'ħ', 'ġ', 'r', 'k', 'p', "'", '<EOS>']
Vocab size: 31
All tags: ['FEM', '2', 'PRF', 'PST', 'IMP', '1', 'MASC', 'SG', 'IPFV', 'FIN', 'PL', '3', 'V', '<NULL>']
Tag vocab size: 14
[lr=0.1 clips=1581 updates=2020] on 0: Epoch 0 : 14181.493535622954
on 0: 	 COPY Accuracy: 0.97 average edit distance: 0.03
on 0: Accuracy good enough, breaking
Burning in maltese: |⚠︎                                       | (!) 0/100 [0%] in 48.2s (0.00/s) 
[lr=0.1 clips=5862 updates=14107] on 0: Epoch  0  :  38788.31486583499
on 0: 	 COPY Accuracy:  0.95  average edit distance:  0.05
on 0: 	 TASK Accuracy:  0.21  average edit distance:  1.91
[lr=0.1 clips=1283 updates=14051] on 1: Epoch  1  :  8855.011034944226
on 1: 	 COPY Accuracy:  0.95  average edit distance:  0.05
on 1: 	 TASK Accuracy:  0.24  average edit distance:  1.74
[lr=0.1 clips=798 updates=14175] on 2: Epoch  2  :  6714.421319773356
on 2: 	 COPY Accuracy:  0.95  average edit distance:  0.05
on 2: 	 TASK Accuracy:  0.24  average edit distance:  1.78
[lr=0.1 clips=555 updates=14232] on 3: Epoch  3  :  4383.0274985504675
on 3: 	 COPY Accuracy:  1.0  average edit distance:  0.0
on 3: 	 TASK Accuracy:  0.23  average edit distance:  1.71
[lr=0.1 clips=360 updates=14120] on 4: Epoch  4  :  2957.0282000343213
on 4: 	 COPY Accuracy:  1.0  average edit distance:  0.0
on 4: 	 TASK Accuracy:  0.25  average edit distance:  1.59
[lr=0.1 clips=274 updates=14165] on 5: Epoch  5  :  2490.0964040431963
on 5: 	 COPY Accuracy:  1.0  average edit distance:  0.0
on 5: 	 TASK Accuracy:  0.21  average edit distance:  1.7
[lr=0.1 clips=232 updates=14117] on 6: Epoch  6  :  2271.107337278664
on 6: 	 COPY Accuracy:  1.0  average edit distance:  0.0
on 6: 	 TASK Accuracy:  0.24  average edit distance:  1.6
[lr=0.1 clips=220 updates=14132] on 7: Epoch  7  :  2058.060252429058
on 7: 	 COPY Accuracy:  1.0  average edit distance:  0.0
on 7: 	 TASK Accuracy:  0.22  average edit distance:  1.67
[lr=0.1 clips=223 updates=14138] on 8: Epoch  8  :  1638.7543824220306
on 8: 	 COPY Accuracy:  1.0  average edit distance:  0.0
on 8: 	 TASK Accuracy:  0.24  average edit distance:  1.59
[lr=0.1 clips=202 updates=14072] on 9: Epoch  9  :  1961.1769474950324
on 9: 	 COPY Accuracy:  1.0  average edit distance:  0.0
on 9: 	 TASK Accuracy:  0.25  average edit distance:  1.57
[lr=0.1 clips=185 updates=14084] on 10: Epoch  10  :  1541.4207653370202
on 10: 	 COPY Accuracy:  1.0  average edit distance:  0.0
on 10: 	 TASK Accuracy:  0.23  average edit distance:  1.58
[lr=0.1 clips=146 updates=14141] on 11: Epoch  11  :  1135.1126881613234
on 11: 	 COPY Accuracy:  1.0  average edit distance:  0.0
on 11: 	 TASK Accuracy:  0.22  average edit distance:  1.71
[lr=0.1 clips=181 updates=14061] on 12: Epoch  12  :  1650.3083339625139
on 12: 	 COPY Accuracy:  1.0  average edit distance:  0.0
on 12: 	 TASK Accuracy:  0.29  average edit distance:  1.53
[lr=0.1 clips=139 updates=14113] on 13: Epoch  13  :  930.6566136863719
on 13: 	 COPY Accuracy:  0.95  average edit distance:  0.05
on 13: 	 TASK Accuracy:  0.23  average edit distance:  1.55
[lr=0.1 clips=168 updates=14154] on 14: Epoch  14  :  1364.4828374489205
on 14: 	 COPY Accuracy:  0.95  average edit distance:  0.05
on 14: 	 TASK Accuracy:  0.23  average edit distance:  1.67
[lr=0.1 clips=121 updates=14063] on 15: Epoch  15  :  1159.451945051616
on 15: 	 COPY Accuracy:  1.0  average edit distance:  0.0
on 15: 	 TASK Accuracy:  0.25  average edit distance:  1.57
[lr=0.1 clips=148 updates=14117] on 16: Epoch  16  :  1751.605645453055
on 16: 	 COPY Accuracy:  1.0  average edit distance:  0.0
on 16: 	 TASK Accuracy:  0.3  average edit distance:  1.53
[lr=0.1 clips=121 updates=14065] on 17: Epoch  17  :  928.0987266653461
on 17: 	 COPY Accuracy:  1.0  average edit distance:  0.0
on 17: 	 TASK Accuracy:  0.28  average edit distance:  1.58
[lr=0.1 clips=147 updates=14153] on 18: Epoch  18  :  1088.8124142990225
on 18: 	 COPY Accuracy:  1.0  average edit distance:  0.0
on 18: 	 TASK Accuracy:  0.27  average edit distance:  1.63
[lr=0.1 clips=104 updates=14092] on 19: Epoch  19  :  840.7308086923672
on 19: 	 COPY Accuracy:  1.0  average edit distance:  0.0
on 19: 	 TASK Accuracy:  0.28  average edit distance:  1.6
[lr=0.1 clips=96 updates=14113] on 20: Epoch  20  :  468.02289802153007
on 20: 	 COPY Accuracy:  1.0  average edit distance:  0.0
on 20: 	 TASK Accuracy:  0.26  average edit distance:  1.63
[lr=0.1 clips=104 updates=14082] on 21: Epoch  21  :  586.907937233364
on 21: 	 COPY Accuracy:  0.95  average edit distance:  0.05
on 21: 	 TASK Accuracy:  0.28  average edit distance:  1.56
[lr=0.1 clips=89 updates=14189] on 22: Epoch  22  :  1046.0422740186598
on 22: 	 COPY Accuracy:  1.0  average edit distance:  0.0
on 22: 	 TASK Accuracy:  0.24  average edit distance:  1.53
[lr=0.1 clips=109 updates=14200] on 23: Epoch  23  :  1278.824160868836
on 23: 	 COPY Accuracy:  1.0  average edit distance:  0.0
on 23: 	 TASK Accuracy:  0.23  average edit distance:  1.52
on 23: Restarting the trainer with half the learning rate!
[lr=0.05 clips=96 updates=14038] on 24: Epoch  24  :  798.1091464181137
on 24: 	 COPY Accuracy:  1.0  average edit distance:  0.0
on 24: 	 TASK Accuracy:  0.26  average edit distance:  1.61
[lr=0.05 clips=58 updates=14141] on 25: Epoch  25  :  384.83353739312383
on 25: 	 COPY Accuracy:  1.0  average edit distance:  0.0
on 25: 	 TASK Accuracy:  0.27  average edit distance:  1.57
[lr=0.05 clips=55 updates=14160] on 26: Epoch  26  :  219.97508583983912
on 26: 	 COPY Accuracy:  1.0  average edit distance:  0.0
on 26: 	 TASK Accuracy:  0.29  average edit distance:  1.54
[lr=0.05 clips=52 updates=14095] on 27: Epoch  27  :  218.29022196250224
on 27: 	 COPY Accuracy:  1.0  average edit distance:  0.0
on 27: 	 TASK Accuracy:  0.3  average edit distance:  1.58
[lr=0.05 clips=37 updates=14067] on 28: Epoch  28  :  262.2915924836686
on 28: 	 COPY Accuracy:  1.0  average edit distance:  0.0
on 28: 	 TASK Accuracy:  0.3  average edit distance:  1.59
[lr=0.05 clips=42 updates=14200] on 29: Epoch  29  :  217.04872021488052
on 29: 	 COPY Accuracy:  0.9  average edit distance:  0.1
on 29: 	 TASK Accuracy:  0.32  average edit distance:  1.51
[lr=0.05 clips=38 updates=14071] on 30: Epoch  30  :  260.8493160244172
on 30: 	 COPY Accuracy:  0.95  average edit distance:  0.05
on 30: 	 TASK Accuracy:  0.27  average edit distance:  1.72
[lr=0.05 clips=24 updates=14072] on 31: Epoch  31  :  178.33210743410342
on 31: 	 COPY Accuracy:  1.0  average edit distance:  0.0
on 31: 	 TASK Accuracy:  0.26  average edit distance:  1.66
[lr=0.05 clips=31 updates=14284] on 32: Epoch  32  :  214.95919096644838
on 32: 	 COPY Accuracy:  0.9  average edit distance:  0.15
on 32: 	 TASK Accuracy:  0.24  average edit distance:  1.72
[lr=0.05 clips=21 updates=14075] on 33: Epoch  33  :  162.12293617530295
on 33: 	 COPY Accuracy:  0.95  average edit distance:  0.05
on 33: 	 TASK Accuracy:  0.28  average edit distance:  1.63
[lr=0.05 clips=26 updates=14170] on 34: Epoch  34  :  94.24873048705689
on 34: 	 COPY Accuracy:  1.0  average edit distance:  0.0
on 34: 	 TASK Accuracy:  0.26  average edit distance:  1.63
[lr=0.05 clips=25 updates=14202] on 35: Epoch  35  :  146.1206658332631
on 35: 	 COPY Accuracy:  1.0  average edit distance:  0.0
on 35: 	 TASK Accuracy:  0.25  average edit distance:  1.68
[lr=0.05 clips=32 updates=14052] on 36: Epoch  36  :  296.68020541823455
on 36: 	 COPY Accuracy:  0.95  average edit distance:  0.05
on 36: 	 TASK Accuracy:  0.29  average edit distance:  1.58
on 36: Restarting the trainer with half the learning rate!
Pretraining maltese: |████████████████████████████████████⚠︎   | (!) 36/40 [90%] in 24:23.2 (0.02/s) 
Best dev accuracy after pre-training:  0.32
Best dev lev distance after pre-training:  1.51
on 0: Epoch  0  :  357.20607890810237
[lr=0.1 clips=42 updates=12127] on 0: 	 COPY Accuracy:  1.0  average edit distance:  0.0
on 0: 	 TASK Accuracy:  0.27  average edit distance:  1.61
on 1: Epoch  1  :  638.8640383334857
[lr=0.1 clips=54 updates=12168] on 1: 	 COPY Accuracy:  1.0  average edit distance:  0.0
on 1: 	 TASK Accuracy:  0.28  average edit distance:  1.6
on 2: Epoch  2  :  601.0557930246861
[lr=0.1 clips=69 updates=12099] on 2: 	 COPY Accuracy:  1.0  average edit distance:  0.0
on 2: 	 TASK Accuracy:  0.27  average edit distance:  1.56
on 3: Epoch  3  :  694.5008739628232
[lr=0.1 clips=68 updates=12069] on 3: 	 COPY Accuracy:  1.0  average edit distance:  0.0
on 3: 	 TASK Accuracy:  0.27  average edit distance:  1.66
on 4: Epoch  4  :  463.14516807699187
[lr=0.1 clips=81 updates=12132] on 4: 	 COPY Accuracy:  1.0  average edit distance:  0.0
on 4: 	 TASK Accuracy:  0.27  average edit distance:  1.56
on 5: Epoch  5  :  756.8621620159311
[lr=0.1 clips=72 updates=12125] on 5: 	 COPY Accuracy:  1.0  average edit distance:  0.0
on 5: 	 TASK Accuracy:  0.25  average edit distance:  1.59
on 6: Epoch  6  :  598.2236641145216
[lr=0.1 clips=77 updates=12204] on 6: 	 COPY Accuracy:  1.0  average edit distance:  0.0
on 6: 	 TASK Accuracy:  0.23  average edit distance:  1.55
on 6: Restarting the trainer with half the learning rate!
on 7: Epoch  7  :  327.4101808055599
[lr=0.05 clips=30 updates=12081] on 7: 	 COPY Accuracy:  1.0  average edit distance:  0.0
on 7: 	 TASK Accuracy:  0.26  average edit distance:  1.56
on 8: Epoch  8  :  244.43001605041442
[lr=0.05 clips=33 updates=12125] on 8: 	 COPY Accuracy:  1.0  average edit distance:  0.0
on 8: 	 TASK Accuracy:  0.29  average edit distance:  1.55
on 9: Epoch  9  :  167.82656117117017
[lr=0.05 clips=30 updates=12101] on 9: 	 COPY Accuracy:  0.9  average edit distance:  0.15
on 9: 	 TASK Accuracy:  0.28  average edit distance:  1.56
on 10: Epoch  10  :  438.29957091296853
[lr=0.05 clips=43 updates=12046] on 10: 	 COPY Accuracy:  1.0  average edit distance:  0.0
on 10: 	 TASK Accuracy:  0.28  average edit distance:  1.58
on 11: Epoch  11  :  197.09598548940457
[lr=0.05 clips=26 updates=12164] on 11: 	 COPY Accuracy:  1.0  average edit distance:  0.0
on 11: 	 TASK Accuracy:  0.28  average edit distance:  1.51
on 12: Epoch  12  :  95.2026692105838
[lr=0.05 clips=30 updates=12149] on 12: 	 COPY Accuracy:  1.0  average edit distance:  0.0
on 12: 	 TASK Accuracy:  0.29  average edit distance:  1.61
on 13: Epoch  13  :  403.4260918155294
[lr=0.05 clips=31 updates=12143] on 13: 	 COPY Accuracy:  1.0  average edit distance:  0.0
on 13: 	 TASK Accuracy:  0.28  average edit distance:  1.54
on 13: Restarting the trainer with half the learning rate!
Finetuning (1) maltese: |█████████████⚠︎                          | (!) 13/40 [32%] in 8:16.4 (0.03/s) 
on 0: Epoch  0  :  155.8437269749295
[lr=0.05 clips=11 updates=10100] on 0: 	 COPY Accuracy:  1.0  average edit distance:  0.0
on 0: 	 TASK Accuracy:  0.28  average edit distance:  1.59
on 0: Restarting the trainer with half the learning rate!
on 1: Epoch  1  :  276.3729474450191
[lr=0.025 clips=22 updates=10100] on 1: 	 COPY Accuracy:  0.95  average edit distance:  0.05
on 1: 	 TASK Accuracy:  0.3  average edit distance:  1.58
on 2: Epoch  2  :  173.2465560172173
[lr=0.025 clips=22 updates=10100] on 2: 	 COPY Accuracy:  1.0  average edit distance:  0.0
on 2: 	 TASK Accuracy:  0.29  average edit distance:  1.6
on 3: Epoch  3  :  161.69540440643175
[lr=0.025 clips=23 updates=10100] on 3: 	 COPY Accuracy:  1.0  average edit distance:  0.0
on 3: 	 TASK Accuracy:  0.26  average edit distance:  1.69
on 4: Epoch  4  :  101.64774710187513
[lr=0.025 clips=11 updates=10100] on 4: 	 COPY Accuracy:  1.0  average edit distance:  0.0
on 4: 	 TASK Accuracy:  0.27  average edit distance:  1.64
on 5: Epoch  5  :  49.065150326840154
[lr=0.025 clips=17 updates=10100] on 5: 	 COPY Accuracy:  0.95  average edit distance:  0.1
on 5: 	 TASK Accuracy:  0.28  average edit distance:  1.62
on 6: Epoch  6  :  205.90628349688149
[lr=0.025 clips=22 updates=10100] on 6: 	 COPY Accuracy:  1.0  average edit distance:  0.0
on 6: 	 TASK Accuracy:  0.29  average edit distance:  1.61
on 7: Epoch  7  :  156.8914070611143
[lr=0.025 clips=13 updates=10100] on 7: 	 COPY Accuracy:  1.0  average edit distance:  0.0
on 7: 	 TASK Accuracy:  0.28  average edit distance:  1.64
on 7: Restarting the trainer with half the learning rate!
on 8: Epoch  8  :  253.1571228805664
[lr=0.0125 clips=28 updates=10100] on 8: 	 COPY Accuracy:  1.0  average edit distance:  0.0
on 8: 	 TASK Accuracy:  0.29  average edit distance:  1.59
on 9: Epoch  9  :  174.19435712881648
[lr=0.0125 clips=19 updates=10100] on 9: 	 COPY Accuracy:  1.0  average edit distance:  0.0
on 9: 	 TASK Accuracy:  0.28  average edit distance:  1.63
on 10: Epoch  10  :  153.24517563505538
[lr=0.0125 clips=19 updates=10100] on 10: 	 COPY Accuracy:  1.0  average edit distance:  0.0
on 10: 	 TASK Accuracy:  0.28  average edit distance:  1.6
on 11: Epoch  11  :  100.46794384848047
[lr=0.0125 clips=20 updates=10100] on 11: 	 COPY Accuracy:  0.95  average edit distance:  0.05
on 11: 	 TASK Accuracy:  0.28  average edit distance:  1.63
on 12: Epoch  12  :  120.7137442543451
[lr=0.0125 clips=13 updates=10100] on 12: 	 COPY Accuracy:  1.0  average edit distance:  0.0
on 12: 	 TASK Accuracy:  0.28  average edit distance:  1.62
on 13: Epoch  13  :  134.69123337247672
[lr=0.0125 clips=20 updates=10100] on 13: 	 COPY Accuracy:  1.0  average edit distance:  0.0
on 13: 	 TASK Accuracy:  0.28  average edit distance:  1.61
on 14: Epoch  14  :  158.4205563910753
[lr=0.0125 clips=15 updates=10100] on 14: 	 COPY Accuracy:  1.0  average edit distance:  0.0
on 14: 	 TASK Accuracy:  0.27  average edit distance:  1.63
on 14: Restarting the trainer with half the learning rate!
Finetuning (2) maltese: |██████████████⚠︎                         | (!) 14/40 [35%] in 7:22.9 (0.03/s) 
Best dev accuracy after finetuning:  0.32
Best dev lev distance after finetuning:  1.51
Training time: 2450.7875320911407 seconds
