[dynet] random seed: 955291294
[dynet] allocating memory: 512MB
[dynet] memory allocation done.
Data lengths
transfer-language 0 0 0
test-language 7121 7121 7121
dev 100 100 100
test 100 100
Characters: ['D', 'a', 'S', 'B', ';', 'k', 'V', 'v', '6', 'z', 'f', 'N', 'i', 'š', 'E', 'ū', 'm', ' ', 'J', '2', 'G', 'b', 'ō', '3', 'O', 'ḑ', 'ȯ', 'C', 'ȱ', 'M', 'A', 'd', 'ǟ', 'ȭ', 'ņ', '!', 'L', 'ē', 'ž', 'ä', 'ā', 'ŗ', 'j', 'u', 'o', 'ț', 'õ', 'l', 't', 'g', 'r', 'P', 'e', 'I', 'ī', 'ļ', 'T', 'p', 's', 'n', '<EOS>']
Vocab size: 61
All tags: ['ADJ', 'ACT', 'V', 'FUT', 'LGSPEC5', 'PTCP', 'PST', 'N', 'NEG', 'SG', 'ALL', 'INF', 'IN', 'INS', 'LGSPEC1', '2', '3', 'IMP', 'NOM', 'COND', 'ABL', 'PRT', 'LGSPEC6', 'DEB', 'DAT', 'PRF', 'IND', 'PL', 'PRS', '1', 'QUOT', 'POS', 'LGSPEC2', 'GEN', 'LGSPEC3', 'ESS', 'FIN', '<NULL>']
Tag vocab size: 38
[lr=0.1 clips=1178 updates=1424] on 0: Epoch 0 : 19630.43275499344
on 0: 	 COPY Accuracy: 0.83 average edit distance: 0.32
[lr=0.1 clips=512 updates=1424] on 1: Epoch 1 : 1176.8947396893054
on 1: 	 COPY Accuracy: 0.97 average edit distance: 0.08
on 1: Accuracy good enough, breaking
Burning in livonian: |▍⚠︎                                      | (!) 1/100 [1%] in 54.6s (0.02/s) 
[lr=0.1 clips=8655 updates=9974] on 0: Epoch  0  :  203708.62709353096
on 0: 	 COPY Accuracy:  0.8  average edit distance:  0.4
on 0: 	 TASK Accuracy:  0.02  average edit distance:  6.37
[lr=0.1 clips=7643 updates=9960] on 1: Epoch  1  :  185751.23461352842
on 1: 	 COPY Accuracy:  0.85  average edit distance:  0.2
on 1: 	 TASK Accuracy:  0.02  average edit distance:  6.65
[lr=0.1 clips=7464 updates=9967] on 2: Epoch  2  :  180376.20691097373
on 2: 	 COPY Accuracy:  0.85  average edit distance:  0.35
on 2: 	 TASK Accuracy:  0.03  average edit distance:  5.89
[lr=0.1 clips=7146 updates=10037] on 3: Epoch  3  :  178476.87764339635
on 3: 	 COPY Accuracy:  0.7  average edit distance:  0.4
on 3: 	 TASK Accuracy:  0.0  average edit distance:  6.41
[lr=0.1 clips=7168 updates=10098] on 4: Epoch  4  :  175663.64847212157
on 4: 	 COPY Accuracy:  0.9  average edit distance:  0.25
on 4: 	 TASK Accuracy:  0.0  average edit distance:  6.09
[lr=0.1 clips=7171 updates=9917] on 5: Epoch  5  :  174290.39936243542
on 5: 	 COPY Accuracy:  0.95  average edit distance:  0.1
on 5: 	 TASK Accuracy:  0.0  average edit distance:  5.82
[lr=0.1 clips=7190 updates=10042] on 6: Epoch  6  :  173348.6800509289
on 6: 	 COPY Accuracy:  0.85  average edit distance:  0.45
on 6: 	 TASK Accuracy:  0.03  average edit distance:  5.78
[lr=0.1 clips=7342 updates=10026] on 7: Epoch  7  :  173326.21436774323
on 7: 	 COPY Accuracy:  0.85  average edit distance:  1.25
on 7: 	 TASK Accuracy:  0.02  average edit distance:  6.01
[lr=0.1 clips=7399 updates=9985] on 8: Epoch  8  :  172588.65827094077
on 8: 	 COPY Accuracy:  1.0  average edit distance:  0.0
on 8: 	 TASK Accuracy:  0.04  average edit distance:  5.92
[lr=0.1 clips=7469 updates=9848] on 9: Epoch  9  :  171829.7025064261
on 9: 	 COPY Accuracy:  0.6  average edit distance:  1.2
on 9: 	 TASK Accuracy:  0.03  average edit distance:  5.67
[lr=0.1 clips=7467 updates=9975] on 10: Epoch  10  :  170929.40493525896
on 10: 	 COPY Accuracy:  0.9  average edit distance:  0.5
on 10: 	 TASK Accuracy:  0.02  average edit distance:  6.29
[lr=0.1 clips=7409 updates=9923] on 11: Epoch  11  :  171197.42961529552
on 11: 	 COPY Accuracy:  0.95  average edit distance:  0.1
on 11: 	 TASK Accuracy:  0.03  average edit distance:  5.65
[lr=0.1 clips=7545 updates=9923] on 12: Epoch  12  :  169806.41102219754
on 12: 	 COPY Accuracy:  0.8  average edit distance:  0.35
on 12: 	 TASK Accuracy:  0.03  average edit distance:  6.36
[lr=0.1 clips=7559 updates=10017] on 13: Epoch  13  :  169900.747634738
on 13: 	 COPY Accuracy:  0.85  average edit distance:  0.8
on 13: 	 TASK Accuracy:  0.02  average edit distance:  6.08
[lr=0.1 clips=7615 updates=9953] on 14: Epoch  14  :  169962.72015311167
on 14: 	 COPY Accuracy:  0.8  average edit distance:  1.05
on 14: 	 TASK Accuracy:  0.04  average edit distance:  5.89
[lr=0.1 clips=7568 updates=9925] on 15: Epoch  15  :  169870.99421261478
on 15: 	 COPY Accuracy:  0.8  average edit distance:  0.45
on 15: 	 TASK Accuracy:  0.05  average edit distance:  5.73
[lr=0.1 clips=7673 updates=9997] on 16: Epoch  16  :  170994.61660136594
on 16: 	 COPY Accuracy:  0.85  average edit distance:  1.3
on 16: 	 TASK Accuracy:  0.06  average edit distance:  5.66
[lr=0.1 clips=7688 updates=9975] on 17: Epoch  17  :  171124.9161575594
on 17: 	 COPY Accuracy:  0.85  average edit distance:  0.8
on 17: 	 TASK Accuracy:  0.04  average edit distance:  5.32
[lr=0.1 clips=7711 updates=10013] on 18: Epoch  18  :  170292.17385380014
on 18: 	 COPY Accuracy:  0.75  average edit distance:  1.05
on 18: 	 TASK Accuracy:  0.04  average edit distance:  6.01
[lr=0.1 clips=7834 updates=9912] on 19: Epoch  19  :  171193.07778428125
on 19: 	 COPY Accuracy:  0.7  average edit distance:  1.0
on 19: 	 TASK Accuracy:  0.02  average edit distance:  5.66
[lr=0.1 clips=7769 updates=9897] on 20: Epoch  20  :  169974.65406660817
on 20: 	 COPY Accuracy:  0.8  average edit distance:  0.7
on 20: 	 TASK Accuracy:  0.04  average edit distance:  5.67
[lr=0.1 clips=7753 updates=10021] on 21: Epoch  21  :  168547.96187715756
on 21: 	 COPY Accuracy:  0.9  average edit distance:  0.4
on 21: 	 TASK Accuracy:  0.03  average edit distance:  5.7
[lr=0.1 clips=7756 updates=10013] on 22: Epoch  22  :  170022.16093401844
on 22: 	 COPY Accuracy:  0.8  average edit distance:  0.45
on 22: 	 TASK Accuracy:  0.04  average edit distance:  5.82
[lr=0.1 clips=7759 updates=9885] on 23: Epoch  23  :  169291.4343514601
on 23: 	 COPY Accuracy:  0.85  average edit distance:  0.65
on 23: 	 TASK Accuracy:  0.03  average edit distance:  5.64
on 23: Restarting the trainer with half the learning rate!
[lr=0.05 clips=7457 updates=9940] on 24: Epoch  24  :  164888.6201922543
on 24: 	 COPY Accuracy:  0.95  average edit distance:  0.15
on 24: 	 TASK Accuracy:  0.07  average edit distance:  4.96
[lr=0.05 clips=7403 updates=9904] on 25: Epoch  25  :  162702.07921196008
on 25: 	 COPY Accuracy:  0.95  average edit distance:  0.6
on 25: 	 TASK Accuracy:  0.05  average edit distance:  5.28
[lr=0.05 clips=7500 updates=9928] on 26: Epoch  26  :  161765.85295157286
on 26: 	 COPY Accuracy:  0.9  average edit distance:  0.45
on 26: 	 TASK Accuracy:  0.05  average edit distance:  5.2
[lr=0.05 clips=7506 updates=9997] on 27: Epoch  27  :  160269.36860878163
on 27: 	 COPY Accuracy:  0.95  average edit distance:  0.2
on 27: 	 TASK Accuracy:  0.06  average edit distance:  5.3
[lr=0.05 clips=7556 updates=9985] on 28: Epoch  28  :  160185.07668980162
on 28: 	 COPY Accuracy:  0.95  average edit distance:  0.05
on 28: 	 TASK Accuracy:  0.04  average edit distance:  5.21
[lr=0.05 clips=7578 updates=9958] on 29: Epoch  29  :  158881.75992585917
on 29: 	 COPY Accuracy:  1.0  average edit distance:  0.0
on 29: 	 TASK Accuracy:  0.06  average edit distance:  5.23
[lr=0.05 clips=7586 updates=9989] on 30: Epoch  30  :  158127.66368759022
on 30: 	 COPY Accuracy:  0.9  average edit distance:  0.5
on 30: 	 TASK Accuracy:  0.04  average edit distance:  5.42
[lr=0.05 clips=7574 updates=9990] on 31: Epoch  31  :  156987.4931774854
on 31: 	 COPY Accuracy:  0.8  average edit distance:  1.65
on 31: 	 TASK Accuracy:  0.04  average edit distance:  5.41
on 31: Restarting the trainer with half the learning rate!
Pretraining livonian: |███████████████████████████████⚠︎        | (!) 31/40 [78%] in 12:36.9 (0.04/s) 
Best dev accuracy after pre-training:  0.07
Best dev lev distance after pre-training:  4.96
on 0: Epoch  0  :  176933.7425020683
[lr=0.1 clips=7616 updates=8598] on 0: 	 COPY Accuracy:  0.8  average edit distance:  0.6
on 0: 	 TASK Accuracy:  0.04  average edit distance:  6.17
on 1: Epoch  1  :  181264.69832758085
[lr=0.1 clips=7726 updates=8539] on 1: 	 COPY Accuracy:  0.75  average edit distance:  1.9
on 1: 	 TASK Accuracy:  0.03  average edit distance:  5.77
on 2: Epoch  2  :  180290.73433821392
[lr=0.1 clips=7646 updates=8534] on 2: 	 COPY Accuracy:  0.8  average edit distance:  0.55
on 2: 	 TASK Accuracy:  0.04  average edit distance:  5.54
on 3: Epoch  3  :  186018.68468566047
[lr=0.1 clips=7777 updates=8534] on 3: 	 COPY Accuracy:  0.75  average edit distance:  0.85
on 3: 	 TASK Accuracy:  0.03  average edit distance:  5.78
on 4: Epoch  4  :  184476.08004650648
[lr=0.1 clips=7889 updates=8549] on 4: 	 COPY Accuracy:  0.55  average edit distance:  1.5
on 4: 	 TASK Accuracy:  0.02  average edit distance:  5.82
on 5: Epoch  5  :  183616.8154048341
[lr=0.1 clips=7763 updates=8535] on 5: 	 COPY Accuracy:  0.85  average edit distance:  0.25
on 5: 	 TASK Accuracy:  0.02  average edit distance:  6.05
on 6: Epoch  6  :  183579.65324384454
[lr=0.1 clips=7823 updates=8533] on 6: 	 COPY Accuracy:  0.7  average edit distance:  0.55
on 6: 	 TASK Accuracy:  0.04  average edit distance:  5.59
on 6: Restarting the trainer with half the learning rate!
on 7: Epoch  7  :  176877.33090924885
[lr=0.05 clips=7262 updates=8640] on 7: 	 COPY Accuracy:  0.8  average edit distance:  0.25
on 7: 	 TASK Accuracy:  0.02  average edit distance:  5.44
on 8: Epoch  8  :  174328.02902634023
[lr=0.05 clips=7278 updates=8553] on 8: 	 COPY Accuracy:  0.9  average edit distance:  0.65
on 8: 	 TASK Accuracy:  0.05  average edit distance:  5.45
on 9: Epoch  9  :  172887.82678964216
[lr=0.05 clips=7309 updates=8562] on 9: 	 COPY Accuracy:  0.85  average edit distance:  1.05
on 9: 	 TASK Accuracy:  0.03  average edit distance:  4.97
on 10: Epoch  10  :  173112.6041653528
[lr=0.05 clips=7412 updates=8519] on 10: 	 COPY Accuracy:  0.85  average edit distance:  1.05
on 10: 	 TASK Accuracy:  0.05  average edit distance:  5.46
on 11: Epoch  11  :  171215.17950387063
[lr=0.05 clips=7428 updates=8492] on 11: 	 COPY Accuracy:  0.9  average edit distance:  0.3
on 11: 	 TASK Accuracy:  0.06  average edit distance:  5.19
on 12: Epoch  12  :  171611.23590303113
[lr=0.05 clips=7499 updates=8562] on 12: 	 COPY Accuracy:  0.9  average edit distance:  0.3
on 12: 	 TASK Accuracy:  0.07  average edit distance:  5.32
on 13: Epoch  13  :  169844.0859806864
[lr=0.05 clips=7510 updates=8488] on 13: 	 COPY Accuracy:  0.85  average edit distance:  1.3
on 13: 	 TASK Accuracy:  0.07  average edit distance:  4.9
on 14: Epoch  14  :  170758.66129138044
[lr=0.05 clips=7566 updates=8584] on 14: 	 COPY Accuracy:  0.85  average edit distance:  0.5
on 14: 	 TASK Accuracy:  0.06  average edit distance:  5.0
on 15: Epoch  15  :  169505.8503227704
[lr=0.05 clips=7519 updates=8487] on 15: 	 COPY Accuracy:  0.85  average edit distance:  0.7
on 15: 	 TASK Accuracy:  0.05  average edit distance:  5.24
on 16: Epoch  16  :  169293.1670372275
[lr=0.05 clips=7596 updates=8626] on 16: 	 COPY Accuracy:  0.9  average edit distance:  0.55
on 16: 	 TASK Accuracy:  0.05  average edit distance:  5.0
on 17: Epoch  17  :  168763.41842436825
[lr=0.05 clips=7574 updates=8519] on 17: 	 COPY Accuracy:  0.95  average edit distance:  0.6
on 17: 	 TASK Accuracy:  0.06  average edit distance:  4.78
on 18: Epoch  18  :  167820.07551449683
[lr=0.05 clips=7578 updates=8510] on 18: 	 COPY Accuracy:  0.75  average edit distance:  1.45
on 18: 	 TASK Accuracy:  0.02  average edit distance:  4.8
on 19: Epoch  19  :  167554.09056904115
[lr=0.05 clips=7596 updates=8555] on 19: 	 COPY Accuracy:  0.8  average edit distance:  0.75
on 19: 	 TASK Accuracy:  0.04  average edit distance:  5.15
on 20: Epoch  20  :  167606.29550401823
[lr=0.05 clips=7633 updates=8634] on 20: 	 COPY Accuracy:  0.8  average edit distance:  1.1
on 20: 	 TASK Accuracy:  0.05  average edit distance:  5.15
on 20: Restarting the trainer with half the learning rate!
Finetuning (1) livonian: |████████████████████⚠︎                   | (!) 20/40 [50%] in 7:31.4 (0.04/s) 
on 0: Epoch  0  :  159313.3083921522
[lr=0.05 clips=7096 updates=7121] on 0: 	 COPY Accuracy:  0.85  average edit distance:  1.1
on 0: 	 TASK Accuracy:  0.03  average edit distance:  5.63
on 0: Restarting the trainer with half the learning rate!
on 1: Epoch  1  :  166990.52374874335
[lr=0.025 clips=6533 updates=7121] on 1: 	 COPY Accuracy:  0.85  average edit distance:  0.2
on 1: 	 TASK Accuracy:  0.02  average edit distance:  5.8
on 2: Epoch  2  :  165459.16599617898
[lr=0.025 clips=6631 updates=7121] on 2: 	 COPY Accuracy:  0.9  average edit distance:  0.2
on 2: 	 TASK Accuracy:  0.02  average edit distance:  5.81
on 3: Epoch  3  :  164752.0758152604
[lr=0.025 clips=6767 updates=7121] on 3: 	 COPY Accuracy:  0.85  average edit distance:  1.1
on 3: 	 TASK Accuracy:  0.03  average edit distance:  5.73
on 4: Epoch  4  :  163800.28580516577
[lr=0.025 clips=6819 updates=7121] on 4: 	 COPY Accuracy:  0.85  average edit distance:  0.9
on 4: 	 TASK Accuracy:  0.01  average edit distance:  5.79
on 5: Epoch  5  :  163584.06255288422
[lr=0.025 clips=6898 updates=7121] on 5: 	 COPY Accuracy:  0.9  average edit distance:  0.25
on 5: 	 TASK Accuracy:  0.01  average edit distance:  5.72
on 6: Epoch  6  :  163021.97584554553
[lr=0.025 clips=6923 updates=7121] on 6: 	 COPY Accuracy:  0.9  average edit distance:  0.7
on 6: 	 TASK Accuracy:  0.02  average edit distance:  5.5
on 7: Epoch  7  :  162309.86898508668
[lr=0.025 clips=6966 updates=7121] on 7: 	 COPY Accuracy:  0.75  average edit distance:  1.95
on 7: 	 TASK Accuracy:  0.04  average edit distance:  5.54
on 7: Restarting the trainer with half the learning rate!
on 8: Epoch  8  :  167529.27440800704
[lr=0.0125 clips=6582 updates=7121] on 8: 	 COPY Accuracy:  0.95  average edit distance:  0.15
on 8: 	 TASK Accuracy:  0.05  average edit distance:  5.68
on 9: Epoch  9  :  165534.0108978334
[lr=0.0125 clips=6629 updates=7121] on 9: 	 COPY Accuracy:  0.9  average edit distance:  0.65
on 9: 	 TASK Accuracy:  0.05  average edit distance:  5.59
on 10: Epoch  10  :  164948.85539365653
[lr=0.0125 clips=6682 updates=7121] on 10: 	 COPY Accuracy:  0.75  average edit distance:  1.9
on 10: 	 TASK Accuracy:  0.03  average edit distance:  5.63
on 11: Epoch  11  :  163962.121554384
[lr=0.0125 clips=6743 updates=7121] on 11: 	 COPY Accuracy:  0.85  average edit distance:  0.35
on 11: 	 TASK Accuracy:  0.07  average edit distance:  5.3
on 12: Epoch  12  :  163367.5750915967
[lr=0.0125 clips=6794 updates=7121] on 12: 	 COPY Accuracy:  0.85  average edit distance:  0.4
on 12: 	 TASK Accuracy:  0.04  average edit distance:  5.47
on 13: Epoch  13  :  163071.01139471307
[lr=0.0125 clips=6837 updates=7121] on 13: 	 COPY Accuracy:  0.85  average edit distance:  0.5
on 13: 	 TASK Accuracy:  0.05  average edit distance:  5.32
on 14: Epoch  14  :  162609.17462522723
[lr=0.0125 clips=6874 updates=7121] on 14: 	 COPY Accuracy:  0.8  average edit distance:  0.65
on 14: 	 TASK Accuracy:  0.06  average edit distance:  5.27
on 14: Restarting the trainer with half the learning rate!
Finetuning (2) livonian: |██████████████⚠︎                         | (!) 14/40 [35%] in 4:30.5 (0.05/s) 
Best dev accuracy after finetuning:  0.07
Best dev lev distance after finetuning:  4.78
Training time: 1533.5040109157562 seconds
