[dynet] random seed: 1800384340
[dynet] allocating memory: 512MB
[dynet] memory allocation done.
Data lengths
transfer-language 0 0 0
test-language 10100 10100 10100
dev 50 50 50
test 50 50
Characters: ['s', 'ż', 'k', 'ł', 'd', 'ù', 'a', 'r', 'ò', 'i', 'z', 'h', 'n', 'u', 't', 'é', 'J', 'ë', 'g', 'e', 'c', 'l', 'p', 'ó', 'w', 'ą', 'ã', 'ô', 'b', 'j', 'm', 'o', 'ń', '<EOS>', ' ']
Vocab size: 35
All tags: ['VOC', 'SG', 'PL', 'ACC', 'ESS', 'NOM', 'N', 'DAT', 'GEN', 'INS', '<NULL>']
Tag vocab size: 11
[lr=0.1 clips=1322 updates=2020] on 0: Epoch 0 : 15579.811270028353
on 0: 	 COPY Accuracy: 0.92 average edit distance: 0.08
on 0: Accuracy good enough, breaking
Burning in kashubian: |⚠︎                                       | (!) 0/100 [0%] in 40.7s (0.00/s) 
[lr=0.1 clips=12582 updates=14171] on 0: Epoch  0  :  275058.55521168385
on 0: 	 COPY Accuracy:  0.95  average edit distance:  0.05
on 0: 	 TASK Accuracy:  0.0  average edit distance:  5.84
[lr=0.1 clips=10985 updates=14161] on 1: Epoch  1  :  252340.86137026118
on 1: 	 COPY Accuracy:  0.8  average edit distance:  0.2
on 1: 	 TASK Accuracy:  0.0  average edit distance:  6.16
[lr=0.1 clips=10361 updates=14123] on 2: Epoch  2  :  244850.66037570246
on 2: 	 COPY Accuracy:  0.95  average edit distance:  0.05
on 2: 	 TASK Accuracy:  0.01  average edit distance:  5.82
[lr=0.1 clips=10095 updates=14269] on 3: Epoch  3  :  241817.46697347617
on 3: 	 COPY Accuracy:  0.95  average edit distance:  0.15
on 3: 	 TASK Accuracy:  0.01  average edit distance:  5.04
[lr=0.1 clips=9821 updates=14191] on 4: Epoch  4  :  239497.4043835172
on 4: 	 COPY Accuracy:  0.75  average edit distance:  0.25
on 4: 	 TASK Accuracy:  0.0  average edit distance:  5.24
[lr=0.1 clips=10159 updates=14220] on 5: Epoch  5  :  239742.59811314452
on 5: 	 COPY Accuracy:  0.75  average edit distance:  0.35
on 5: 	 TASK Accuracy:  0.01  average edit distance:  5.5
[lr=0.1 clips=9908 updates=14113] on 6: Epoch  6  :  237856.6916705976
on 6: 	 COPY Accuracy:  0.75  average edit distance:  0.35
on 6: 	 TASK Accuracy:  0.04  average edit distance:  4.86
[lr=0.1 clips=9836 updates=14153] on 7: Epoch  7  :  237702.06160504697
on 7: 	 COPY Accuracy:  0.75  average edit distance:  0.3
on 7: 	 TASK Accuracy:  0.02  average edit distance:  5.54
[lr=0.1 clips=10052 updates=14149] on 8: Epoch  8  :  241058.9411650409
on 8: 	 COPY Accuracy:  0.85  average edit distance:  0.15
on 8: 	 TASK Accuracy:  0.02  average edit distance:  6.16
[lr=0.1 clips=9972 updates=14145] on 9: Epoch  9  :  239246.6034805043
on 9: 	 COPY Accuracy:  0.9  average edit distance:  0.1
on 9: 	 TASK Accuracy:  0.01  average edit distance:  5.2
[lr=0.1 clips=10007 updates=14101] on 10: Epoch  10  :  238525.98812120516
on 10: 	 COPY Accuracy:  0.9  average edit distance:  0.1
on 10: 	 TASK Accuracy:  0.0  average edit distance:  5.88
[lr=0.1 clips=9776 updates=14186] on 11: Epoch  11  :  235034.2805881578
on 11: 	 COPY Accuracy:  0.95  average edit distance:  0.05
on 11: 	 TASK Accuracy:  0.01  average edit distance:  5.74
[lr=0.1 clips=9777 updates=14084] on 12: Epoch  12  :  235265.1617117758
on 12: 	 COPY Accuracy:  0.75  average edit distance:  0.4
on 12: 	 TASK Accuracy:  0.0  average edit distance:  5.34
[lr=0.1 clips=9770 updates=14129] on 13: Epoch  13  :  236666.94392481292
on 13: 	 COPY Accuracy:  0.7  average edit distance:  0.35
on 13: 	 TASK Accuracy:  0.01  average edit distance:  5.88
on 13: Restarting the trainer with half the learning rate!
[lr=0.05 clips=9285 updates=14208] on 14: Epoch  14  :  231983.73896528257
on 14: 	 COPY Accuracy:  0.95  average edit distance:  0.05
on 14: 	 TASK Accuracy:  0.04  average edit distance:  3.98
[lr=0.05 clips=9280 updates=14090] on 15: Epoch  15  :  229393.91521908416
on 15: 	 COPY Accuracy:  0.95  average edit distance:  0.05
on 15: 	 TASK Accuracy:  0.0  average edit distance:  4.38
[lr=0.05 clips=9522 updates=14108] on 16: Epoch  16  :  228953.44301308502
on 16: 	 COPY Accuracy:  0.95  average edit distance:  0.05
on 16: 	 TASK Accuracy:  0.02  average edit distance:  4.4
[lr=0.05 clips=9854 updates=14116] on 17: Epoch  17  :  227910.38017941333
on 17: 	 COPY Accuracy:  0.85  average edit distance:  0.15
on 17: 	 TASK Accuracy:  0.05  average edit distance:  3.56
[lr=0.05 clips=10035 updates=14203] on 18: Epoch  18  :  227131.8040592727
on 18: 	 COPY Accuracy:  1.0  average edit distance:  0.0
on 18: 	 TASK Accuracy:  0.02  average edit distance:  3.58
[lr=0.05 clips=10051 updates=14187] on 19: Epoch  19  :  226543.37730763466
on 19: 	 COPY Accuracy:  0.85  average edit distance:  0.15
on 19: 	 TASK Accuracy:  0.04  average edit distance:  3.9
[lr=0.05 clips=10324 updates=14181] on 20: Epoch  20  :  226276.3830822445
on 20: 	 COPY Accuracy:  1.0  average edit distance:  0.0
on 20: 	 TASK Accuracy:  0.04  average edit distance:  3.86
[lr=0.05 clips=10514 updates=13971] on 21: Epoch  21  :  225422.4845525018
on 21: 	 COPY Accuracy:  0.95  average edit distance:  0.05
on 21: 	 TASK Accuracy:  0.03  average edit distance:  4.08
[lr=0.05 clips=10572 updates=14037] on 22: Epoch  22  :  225256.6430046977
on 22: 	 COPY Accuracy:  1.0  average edit distance:  0.0
on 22: 	 TASK Accuracy:  0.03  average edit distance:  4.02
[lr=0.05 clips=10664 updates=14062] on 23: Epoch  23  :  224322.78026515435
on 23: 	 COPY Accuracy:  0.9  average edit distance:  0.1
on 23: 	 TASK Accuracy:  0.03  average edit distance:  4.48
[lr=0.05 clips=10723 updates=14134] on 24: Epoch  24  :  224520.9878136256
on 24: 	 COPY Accuracy:  0.95  average edit distance:  0.05
on 24: 	 TASK Accuracy:  0.03  average edit distance:  3.64
on 24: Restarting the trainer with half the learning rate!
Pretraining kashubian: |████████████████████████⚠︎               | (!) 24/40 [60%] in 14:40.0 (0.03/s) 
Best dev accuracy after pre-training:  0.05
Best dev lev distance after pre-training:  3.56
on 0: Epoch  0  :  247372.74804637348
[lr=0.1 clips=10604 updates=12120] on 0: 	 COPY Accuracy:  0.85  average edit distance:  0.15
on 0: 	 TASK Accuracy:  0.06  average edit distance:  4.44
on 1: Epoch  1  :  252346.3821028513
[lr=0.1 clips=10650 updates=12136] on 1: 	 COPY Accuracy:  0.6  average edit distance:  0.45
on 1: 	 TASK Accuracy:  0.08  average edit distance:  4.16
on 2: Epoch  2  :  253141.43712427607
[lr=0.1 clips=10718 updates=12204] on 2: 	 COPY Accuracy:  0.65  average edit distance:  0.35
on 2: 	 TASK Accuracy:  0.02  average edit distance:  4.04
on 3: Epoch  3  :  254416.40021967515
[lr=0.1 clips=10531 updates=12106] on 3: 	 COPY Accuracy:  0.25  average edit distance:  1.5
on 3: 	 TASK Accuracy:  0.04  average edit distance:  6.18
on 4: Epoch  4  :  267139.86483056657
[lr=0.1 clips=10980 updates=12097] on 4: 	 COPY Accuracy:  0.05  average edit distance:  2.45
on 4: 	 TASK Accuracy:  0.0  average edit distance:  6.72
on 5: Epoch  5  :  282717.0582111478
[lr=0.1 clips=11251 updates=12114] on 5: 	 COPY Accuracy:  0.0  average edit distance:  6.25
on 5: 	 TASK Accuracy:  0.0  average edit distance:  7.12
on 6: Epoch  6  :  285554.94927310944
[lr=0.1 clips=10330 updates=12181] on 6: 	 COPY Accuracy:  0.0  average edit distance:  6.15
on 6: 	 TASK Accuracy:  0.0  average edit distance:  6.94
on 7: Epoch  7  :  284601.627767086
[lr=0.1 clips=10041 updates=12134] on 7: 	 COPY Accuracy:  0.0  average edit distance:  6.4
on 7: 	 TASK Accuracy:  0.0  average edit distance:  7.04
on 8: Epoch  8  :  286235.7373523712
[lr=0.1 clips=9182 updates=12176] on 8: 	 COPY Accuracy:  0.0  average edit distance:  6.05
on 8: 	 TASK Accuracy:  0.0  average edit distance:  7.2
on 8: Restarting the trainer with half the learning rate!
on 9: Epoch  9  :  246872.7507978289
[lr=0.05 clips=10490 updates=12182] on 9: 	 COPY Accuracy:  0.8  average edit distance:  0.3
on 9: 	 TASK Accuracy:  0.1  average edit distance:  4.22
on 10: Epoch  10  :  242994.63895729603
[lr=0.05 clips=10340 updates=12089] on 10: 	 COPY Accuracy:  0.65  average edit distance:  0.55
on 10: 	 TASK Accuracy:  0.06  average edit distance:  4.16
on 11: Epoch  11  :  240921.52484565275
[lr=0.05 clips=10467 updates=12098] on 11: 	 COPY Accuracy:  0.8  average edit distance:  0.3
on 11: 	 TASK Accuracy:  0.02  average edit distance:  3.56
on 12: Epoch  12  :  241525.004825528
[lr=0.05 clips=10625 updates=12226] on 12: 	 COPY Accuracy:  0.65  average edit distance:  0.5
on 12: 	 TASK Accuracy:  0.04  average edit distance:  3.76
on 13: Epoch  13  :  240119.9601421411
[lr=0.05 clips=10621 updates=12099] on 13: 	 COPY Accuracy:  0.95  average edit distance:  0.05
on 13: 	 TASK Accuracy:  0.06  average edit distance:  3.36
on 14: Epoch  14  :  239328.85945263237
[lr=0.05 clips=10739 updates=12145] on 14: 	 COPY Accuracy:  0.8  average edit distance:  0.25
on 14: 	 TASK Accuracy:  0.04  average edit distance:  3.2
on 15: Epoch  15  :  239272.76121999125
[lr=0.05 clips=10763 updates=12077] on 15: 	 COPY Accuracy:  0.9  average edit distance:  0.1
on 15: 	 TASK Accuracy:  0.04  average edit distance:  3.3
on 16: Epoch  16  :  238969.9241330084
[lr=0.05 clips=10796 updates=12088] on 16: 	 COPY Accuracy:  0.75  average edit distance:  0.45
on 16: 	 TASK Accuracy:  0.1  average edit distance:  3.1
on 17: Epoch  17  :  238329.6512876068
[lr=0.05 clips=10878 updates=12175] on 17: 	 COPY Accuracy:  0.95  average edit distance:  0.05
on 17: 	 TASK Accuracy:  0.06  average edit distance:  3.56
on 18: Epoch  18  :  237395.87433214567
[lr=0.05 clips=10911 updates=12104] on 18: 	 COPY Accuracy:  0.8  average edit distance:  0.2
on 18: 	 TASK Accuracy:  0.06  average edit distance:  3.22
on 19: Epoch  19  :  236995.6584843467
[lr=0.05 clips=10898 updates=12050] on 19: 	 COPY Accuracy:  0.9  average edit distance:  0.1
on 19: 	 TASK Accuracy:  0.04  average edit distance:  3.48
on 20: Epoch  20  :  236838.1321109262
[lr=0.05 clips=10980 updates=12097] on 20: 	 COPY Accuracy:  0.9  average edit distance:  0.1
on 20: 	 TASK Accuracy:  0.1  average edit distance:  3.02
on 21: Epoch  21  :  236409.81440890988
[lr=0.05 clips=10994 updates=12126] on 21: 	 COPY Accuracy:  0.85  average edit distance:  0.15
on 21: 	 TASK Accuracy:  0.04  average edit distance:  3.1
on 22: Epoch  22  :  236712.04172089358
[lr=0.05 clips=10994 updates=12131] on 22: 	 COPY Accuracy:  0.9  average edit distance:  0.1
on 22: 	 TASK Accuracy:  0.04  average edit distance:  3.28
on 23: Epoch  23  :  236316.86456610926
[lr=0.05 clips=10978 updates=12162] on 23: 	 COPY Accuracy:  0.9  average edit distance:  0.1
on 23: 	 TASK Accuracy:  0.04  average edit distance:  4.08
on 24: Epoch  24  :  236021.0080974517
[lr=0.05 clips=11027 updates=12132] on 24: 	 COPY Accuracy:  0.85  average edit distance:  0.15
on 24: 	 TASK Accuracy:  0.08  average edit distance:  3.44
on 25: Epoch  25  :  234343.36405955267
[lr=0.05 clips=10947 updates=12074] on 25: 	 COPY Accuracy:  0.7  average edit distance:  0.3
on 25: 	 TASK Accuracy:  0.08  average edit distance:  3.2
on 26: Epoch  26  :  234327.1151317525
[lr=0.05 clips=11012 updates=12166] on 26: 	 COPY Accuracy:  0.95  average edit distance:  0.05
on 26: 	 TASK Accuracy:  0.04  average edit distance:  3.48
on 27: Epoch  27  :  234625.20093842509
[lr=0.05 clips=11041 updates=12134] on 27: 	 COPY Accuracy:  0.95  average edit distance:  0.05
on 27: 	 TASK Accuracy:  0.08  average edit distance:  2.78
on 27: Restarting the trainer with half the learning rate!
Finetuning (1) kashubian: |███████████████████████████⚠︎            | (!) 27/40 [68%] in 13:46.5 (0.03/s) 
on 0: Epoch  0  :  222227.23554100934
[lr=0.05 clips=10074 updates=10100] on 0: 	 COPY Accuracy:  0.85  average edit distance:  0.25
on 0: 	 TASK Accuracy:  0.1  average edit distance:  4.56
on 0: Restarting the trainer with half the learning rate!
on 1: Epoch  1  :  228262.8792614676
[lr=0.025 clips=8949 updates=10100] on 1: 	 COPY Accuracy:  0.8  average edit distance:  0.3
on 1: 	 TASK Accuracy:  0.04  average edit distance:  4.58
on 2: Epoch  2  :  227195.39853036404
[lr=0.025 clips=9165 updates=10100] on 2: 	 COPY Accuracy:  0.6  average edit distance:  0.4
on 2: 	 TASK Accuracy:  0.04  average edit distance:  4.84
on 3: Epoch  3  :  226363.60816425085
[lr=0.025 clips=9460 updates=10100] on 3: 	 COPY Accuracy:  0.75  average edit distance:  0.25
on 3: 	 TASK Accuracy:  0.08  average edit distance:  4.76
on 4: Epoch  4  :  226214.1999705881
[lr=0.025 clips=9610 updates=10100] on 4: 	 COPY Accuracy:  0.8  average edit distance:  0.25
on 4: 	 TASK Accuracy:  0.08  average edit distance:  3.96
on 5: Epoch  5  :  225289.85238630697
[lr=0.025 clips=9736 updates=10100] on 5: 	 COPY Accuracy:  0.55  average edit distance:  0.9
on 5: 	 TASK Accuracy:  0.04  average edit distance:  4.44
on 6: Epoch  6  :  224772.417481035
[lr=0.025 clips=9843 updates=10100] on 6: 	 COPY Accuracy:  0.55  average edit distance:  0.85
on 6: 	 TASK Accuracy:  0.04  average edit distance:  4.18
on 7: Epoch  7  :  224287.15984369814
[lr=0.025 clips=9924 updates=10100] on 7: 	 COPY Accuracy:  0.7  average edit distance:  0.75
on 7: 	 TASK Accuracy:  0.08  average edit distance:  3.84
on 7: Restarting the trainer with half the learning rate!
on 8: Epoch  8  :  228429.00720511377
[lr=0.0125 clips=8869 updates=10100] on 8: 	 COPY Accuracy:  0.8  average edit distance:  0.2
on 8: 	 TASK Accuracy:  0.06  average edit distance:  4.82
on 9: Epoch  9  :  227146.68645834923
[lr=0.0125 clips=9065 updates=10100] on 9: 	 COPY Accuracy:  0.75  average edit distance:  0.35
on 9: 	 TASK Accuracy:  0.08  average edit distance:  4.68
on 10: Epoch  10  :  226187.58958756924
[lr=0.0125 clips=9274 updates=10100] on 10: 	 COPY Accuracy:  0.65  average edit distance:  0.55
on 10: 	 TASK Accuracy:  0.06  average edit distance:  4.38
on 11: Epoch  11  :  225535.039601326
[lr=0.0125 clips=9448 updates=10100] on 11: 	 COPY Accuracy:  0.75  average edit distance:  0.7
on 11: 	 TASK Accuracy:  0.14  average edit distance:  4.12
on 12: Epoch  12  :  225559.55904006958
[lr=0.0125 clips=9577 updates=10100] on 12: 	 COPY Accuracy:  0.85  average edit distance:  0.4
on 12: 	 TASK Accuracy:  0.08  average edit distance:  3.74
on 13: Epoch  13  :  224740.65222160518
[lr=0.0125 clips=9661 updates=10100] on 13: 	 COPY Accuracy:  0.95  average edit distance:  0.3
on 13: 	 TASK Accuracy:  0.1  average edit distance:  3.28
on 14: Epoch  14  :  224735.451061666
[lr=0.0125 clips=9729 updates=10100] on 14: 	 COPY Accuracy:  0.8  average edit distance:  0.2
on 14: 	 TASK Accuracy:  0.1  average edit distance:  3.62
on 15: Epoch  15  :  223831.65715892613
[lr=0.0125 clips=9825 updates=10100] on 15: 	 COPY Accuracy:  0.85  average edit distance:  0.15
on 15: 	 TASK Accuracy:  0.1  average edit distance:  3.14
on 16: Epoch  16  :  223968.65459258854
[lr=0.0125 clips=9877 updates=10100] on 16: 	 COPY Accuracy:  0.75  average edit distance:  0.3
on 16: 	 TASK Accuracy:  0.12  average edit distance:  2.86
on 17: Epoch  17  :  223123.83637085557
[lr=0.0125 clips=9939 updates=10100] on 17: 	 COPY Accuracy:  0.75  average edit distance:  0.35
on 17: 	 TASK Accuracy:  0.1  average edit distance:  2.88
on 18: Epoch  18  :  223080.23711116612
[lr=0.0125 clips=9970 updates=10100] on 18: 	 COPY Accuracy:  0.8  average edit distance:  0.25
on 18: 	 TASK Accuracy:  0.12  average edit distance:  2.86
on 18: Restarting the trainer with half the learning rate!
Finetuning (2) kashubian: |██████████████████⚠︎                     | (!) 18/40 [45%] in 7:46.7 (0.04/s) 
Best dev accuracy after finetuning:  0.14
Best dev lev distance after finetuning:  2.78
Training time: 2213.95677113533 seconds
