[dynet] random seed: 1661119288
[dynet] allocating memory: 512MB
[dynet] memory allocation done.
Data lengths
transfer-language 0 0 0
test-language 10100 10100 10100
dev 100 100 100
test 100 100
Characters: ['j', 'k', 'ȱ', 'ļ', 'a', 'ņ', 'ī', 'ȯ', 'z', 'l', 'f', 'r', '!', 'ḑ', 'v', 'ē', 'ū', 'b', 'u', 'ȭ', ' ', 's', 'e', 'p', 'd', 'm', 't', 'õ', 'ō', 'n', 'ä', 'o', 'ŗ', 'ž', 'ț', 'ǟ', 'i', 'š', 'ā', 'g', '<EOS>']
Vocab size: 41
All tags: ['3', 'PST', 'ACT', '2', 'DAT', 'GEN', 'COND', 'PRS', 'ALL', 'NEG', 'ADJ', 'LGSPEC6', '1', 'ESS', 'IN', 'LGSPEC5', 'PTCP', 'PL', 'IMP', 'DEB', 'INS', 'ABL', 'POS', 'PRF', 'FIN', 'SG', 'QUOT', 'LGSPEC1', 'PRT', 'IND', 'FUT', 'INF', 'LGSPEC2', 'NOM', 'LGSPEC3', 'V', 'N', '<NULL>']
Tag vocab size: 38
[lr=0.1 clips=1751 updates=2020] on 0: Epoch 0 : 21670.22287915647
on 0: 	 COPY Accuracy: 0.92 average edit distance: 0.13
on 0: Accuracy good enough, breaking
Burning in livonian: |⚠︎                                       | (!) 0/100 [0%] in 48.2s (0.00/s) 
[lr=0.1 clips=6425 updates=14169] on 0: Epoch  0  :  51167.99056530612
on 0: 	 COPY Accuracy:  1.0  average edit distance:  0.0
on 0: 	 TASK Accuracy:  0.24  average edit distance:  2.81
[lr=0.1 clips=2166 updates=14155] on 1: Epoch  1  :  19123.664733101403
on 1: 	 COPY Accuracy:  0.95  average edit distance:  0.1
on 1: 	 TASK Accuracy:  0.21  average edit distance:  2.82
[lr=0.1 clips=1460 updates=14131] on 2: Epoch  2  :  12090.931121230919
on 2: 	 COPY Accuracy:  0.95  average edit distance:  0.05
on 2: 	 TASK Accuracy:  0.28  average edit distance:  2.58
[lr=0.1 clips=1146 updates=14161] on 3: Epoch  3  :  8628.40185385787
on 3: 	 COPY Accuracy:  0.9  average edit distance:  0.15
on 3: 	 TASK Accuracy:  0.29  average edit distance:  2.57
[lr=0.1 clips=924 updates=14256] on 4: Epoch  4  :  6684.340566729992
on 4: 	 COPY Accuracy:  1.0  average edit distance:  0.0
on 4: 	 TASK Accuracy:  0.27  average edit distance:  2.61
[lr=0.1 clips=606 updates=14188] on 5: Epoch  5  :  4780.008846535275
on 5: 	 COPY Accuracy:  1.0  average edit distance:  0.0
on 5: 	 TASK Accuracy:  0.28  average edit distance:  2.52
[lr=0.1 clips=479 updates=14052] on 6: Epoch  6  :  3487.8838732413674
on 6: 	 COPY Accuracy:  1.0  average edit distance:  0.0
on 6: 	 TASK Accuracy:  0.29  average edit distance:  2.48
[lr=0.1 clips=349 updates=14139] on 7: Epoch  7  :  3296.439314096934
on 7: 	 COPY Accuracy:  1.0  average edit distance:  0.0
on 7: 	 TASK Accuracy:  0.3  average edit distance:  2.49
[lr=0.1 clips=314 updates=14154] on 8: Epoch  8  :  2449.416250046943
on 8: 	 COPY Accuracy:  1.0  average edit distance:  0.0
on 8: 	 TASK Accuracy:  0.29  average edit distance:  2.41
[lr=0.1 clips=205 updates=14089] on 9: Epoch  9  :  1738.6137728487627
on 9: 	 COPY Accuracy:  0.95  average edit distance:  0.05
on 9: 	 TASK Accuracy:  0.29  average edit distance:  2.45
[lr=0.1 clips=190 updates=14059] on 10: Epoch  10  :  1904.2448686545004
on 10: 	 COPY Accuracy:  0.9  average edit distance:  0.1
on 10: 	 TASK Accuracy:  0.27  average edit distance:  2.5
[lr=0.1 clips=199 updates=14083] on 11: Epoch  11  :  2159.0520176129457
on 11: 	 COPY Accuracy:  1.0  average edit distance:  0.0
on 11: 	 TASK Accuracy:  0.28  average edit distance:  2.38
[lr=0.1 clips=156 updates=14185] on 12: Epoch  12  :  1453.3401138489853
on 12: 	 COPY Accuracy:  1.0  average edit distance:  0.0
on 12: 	 TASK Accuracy:  0.28  average edit distance:  2.47
[lr=0.1 clips=169 updates=14150] on 13: Epoch  13  :  1339.9050489528595
on 13: 	 COPY Accuracy:  1.0  average edit distance:  0.0
on 13: 	 TASK Accuracy:  0.27  average edit distance:  2.4
[lr=0.1 clips=149 updates=14088] on 14: Epoch  14  :  1142.4648939265
on 14: 	 COPY Accuracy:  1.0  average edit distance:  0.0
on 14: 	 TASK Accuracy:  0.31  average edit distance:  2.33
[lr=0.1 clips=150 updates=14189] on 15: Epoch  15  :  1311.4112297162458
on 15: 	 COPY Accuracy:  1.0  average edit distance:  0.0
on 15: 	 TASK Accuracy:  0.28  average edit distance:  2.37
[lr=0.1 clips=136 updates=14059] on 16: Epoch  16  :  998.0244882268646
on 16: 	 COPY Accuracy:  1.0  average edit distance:  0.0
on 16: 	 TASK Accuracy:  0.29  average edit distance:  2.35
[lr=0.1 clips=105 updates=14286] on 17: Epoch  17  :  599.233568844191
on 17: 	 COPY Accuracy:  1.0  average edit distance:  0.0
on 17: 	 TASK Accuracy:  0.27  average edit distance:  2.34
[lr=0.1 clips=98 updates=14021] on 18: Epoch  18  :  1145.1544322598738
on 18: 	 COPY Accuracy:  1.0  average edit distance:  0.0
on 18: 	 TASK Accuracy:  0.26  average edit distance:  2.36
[lr=0.1 clips=86 updates=14118] on 19: Epoch  19  :  758.3372047942488
on 19: 	 COPY Accuracy:  1.0  average edit distance:  0.0
on 19: 	 TASK Accuracy:  0.28  average edit distance:  2.3
[lr=0.1 clips=81 updates=14083] on 20: Epoch  20  :  565.4113924201341
on 20: 	 COPY Accuracy:  1.0  average edit distance:  0.0
on 20: 	 TASK Accuracy:  0.27  average edit distance:  2.28
[lr=0.1 clips=56 updates=14105] on 21: Epoch  21  :  321.64311133395313
on 21: 	 COPY Accuracy:  0.95  average edit distance:  0.05
on 21: 	 TASK Accuracy:  0.27  average edit distance:  2.31
on 21: Restarting the trainer with half the learning rate!
[lr=0.05 clips=90 updates=14022] on 22: Epoch  22  :  513.6119977533292
on 22: 	 COPY Accuracy:  1.0  average edit distance:  0.0
on 22: 	 TASK Accuracy:  0.29  average edit distance:  2.35
[lr=0.05 clips=68 updates=14159] on 23: Epoch  23  :  518.6683493493435
on 23: 	 COPY Accuracy:  1.0  average edit distance:  0.0
on 23: 	 TASK Accuracy:  0.28  average edit distance:  2.36
[lr=0.05 clips=65 updates=14191] on 24: Epoch  24  :  723.109342606347
on 24: 	 COPY Accuracy:  1.0  average edit distance:  0.0
on 24: 	 TASK Accuracy:  0.28  average edit distance:  2.32
[lr=0.05 clips=43 updates=14125] on 25: Epoch  25  :  269.02593800955873
on 25: 	 COPY Accuracy:  1.0  average edit distance:  0.0
on 25: 	 TASK Accuracy:  0.29  average edit distance:  2.31
[lr=0.05 clips=55 updates=14061] on 26: Epoch  26  :  416.4401692073783
on 26: 	 COPY Accuracy:  1.0  average edit distance:  0.0
on 26: 	 TASK Accuracy:  0.28  average edit distance:  2.3
[lr=0.05 clips=40 updates=14000] on 27: Epoch  27  :  244.40033488315487
on 27: 	 COPY Accuracy:  0.95  average edit distance:  0.05
on 27: 	 TASK Accuracy:  0.29  average edit distance:  2.28
[lr=0.05 clips=49 updates=14191] on 28: Epoch  28  :  491.2912187197372
on 28: 	 COPY Accuracy:  1.0  average edit distance:  0.0
on 28: 	 TASK Accuracy:  0.29  average edit distance:  2.3
on 28: Restarting the trainer with half the learning rate!
Pretraining livonian: |████████████████████████████⚠︎           | (!) 28/40 [70%] in 19:34.8 (0.02/s) 
Best dev accuracy after pre-training:  0.31
Best dev lev distance after pre-training:  2.28
on 0: Epoch  0  :  297.5388886586295
[lr=0.1 clips=52 updates=12155] on 0: 	 COPY Accuracy:  1.0  average edit distance:  0.0
on 0: 	 TASK Accuracy:  0.27  average edit distance:  2.29
on 1: Epoch  1  :  645.2819742443882
[lr=0.1 clips=62 updates=12204] on 1: 	 COPY Accuracy:  1.0  average edit distance:  0.0
on 1: 	 TASK Accuracy:  0.28  average edit distance:  2.35
on 2: Epoch  2  :  691.3452925816541
[lr=0.1 clips=92 updates=12173] on 2: 	 COPY Accuracy:  0.95  average edit distance:  0.05
on 2: 	 TASK Accuracy:  0.28  average edit distance:  2.36
on 3: Epoch  3  :  840.0148922320215
[lr=0.1 clips=99 updates=12131] on 3: 	 COPY Accuracy:  0.95  average edit distance:  0.05
on 3: 	 TASK Accuracy:  0.3  average edit distance:  2.32
on 4: Epoch  4  :  851.1156847263528
[lr=0.1 clips=78 updates=12187] on 4: 	 COPY Accuracy:  0.9  average edit distance:  0.1
on 4: 	 TASK Accuracy:  0.28  average edit distance:  2.41
on 5: Epoch  5  :  534.331728494159
[lr=0.1 clips=75 updates=12152] on 5: 	 COPY Accuracy:  0.9  average edit distance:  0.1
on 5: 	 TASK Accuracy:  0.28  average edit distance:  2.34
on 6: Epoch  6  :  624.851464738848
[lr=0.1 clips=71 updates=12135] on 6: 	 COPY Accuracy:  1.0  average edit distance:  0.0
on 6: 	 TASK Accuracy:  0.29  average edit distance:  2.47
on 6: Restarting the trainer with half the learning rate!
on 7: Epoch  7  :  779.8990424670335
[lr=0.05 clips=94 updates=12151] on 7: 	 COPY Accuracy:  1.0  average edit distance:  0.0
on 7: 	 TASK Accuracy:  0.28  average edit distance:  2.36
on 8: Epoch  8  :  672.2225175835687
[lr=0.05 clips=59 updates=12043] on 8: 	 COPY Accuracy:  1.0  average edit distance:  0.0
on 8: 	 TASK Accuracy:  0.29  average edit distance:  2.28
on 9: Epoch  9  :  396.7911826361054
[lr=0.05 clips=51 updates=12109] on 9: 	 COPY Accuracy:  1.0  average edit distance:  0.0
on 9: 	 TASK Accuracy:  0.28  average edit distance:  2.36
on 10: Epoch  10  :  282.6601017095388
[lr=0.05 clips=38 updates=12137] on 10: 	 COPY Accuracy:  1.0  average edit distance:  0.0
on 10: 	 TASK Accuracy:  0.29  average edit distance:  2.33
on 11: Epoch  11  :  549.6442836188264
[lr=0.05 clips=49 updates=11997] on 11: 	 COPY Accuracy:  0.95  average edit distance:  0.05
on 11: 	 TASK Accuracy:  0.29  average edit distance:  2.32
on 12: Epoch  12  :  438.020585398183
[lr=0.05 clips=49 updates=12181] on 12: 	 COPY Accuracy:  0.95  average edit distance:  0.05
on 12: 	 TASK Accuracy:  0.29  average edit distance:  2.31
on 13: Epoch  13  :  579.0945996846599
[lr=0.05 clips=55 updates=12130] on 13: 	 COPY Accuracy:  1.0  average edit distance:  0.0
on 13: 	 TASK Accuracy:  0.3  average edit distance:  2.27
on 13: Restarting the trainer with half the learning rate!
Finetuning (1) livonian: |█████████████⚠︎                          | (!) 13/40 [32%] in 8:08.2 (0.03/s) 
on 0: Epoch  0  :  152.1818125947357
[lr=0.05 clips=30 updates=10100] on 0: 	 COPY Accuracy:  1.0  average edit distance:  0.0
on 0: 	 TASK Accuracy:  0.3  average edit distance:  2.32
on 0: Restarting the trainer with half the learning rate!
on 1: Epoch  1  :  585.3019120460011
[lr=0.025 clips=58 updates=10100] on 1: 	 COPY Accuracy:  1.0  average edit distance:  0.0
on 1: 	 TASK Accuracy:  0.3  average edit distance:  2.32
on 2: Epoch  2  :  728.1463779787313
[lr=0.025 clips=52 updates=10100] on 2: 	 COPY Accuracy:  1.0  average edit distance:  0.0
on 2: 	 TASK Accuracy:  0.3  average edit distance:  2.31
on 3: Epoch  3  :  675.5765424724656
[lr=0.025 clips=49 updates=10100] on 3: 	 COPY Accuracy:  1.0  average edit distance:  0.0
on 3: 	 TASK Accuracy:  0.3  average edit distance:  2.29
on 4: Epoch  4  :  229.08298026141526
[lr=0.025 clips=37 updates=10100] on 4: 	 COPY Accuracy:  1.0  average edit distance:  0.0
on 4: 	 TASK Accuracy:  0.29  average edit distance:  2.24
on 5: Epoch  5  :  455.8780306354508
[lr=0.025 clips=37 updates=10100] on 5: 	 COPY Accuracy:  1.0  average edit distance:  0.0
on 5: 	 TASK Accuracy:  0.3  average edit distance:  2.26
on 6: Epoch  6  :  307.5067769983979
[lr=0.025 clips=40 updates=10100] on 6: 	 COPY Accuracy:  1.0  average edit distance:  0.0
on 6: 	 TASK Accuracy:  0.3  average edit distance:  2.27
on 7: Epoch  7  :  248.19508689553567
[lr=0.025 clips=34 updates=10100] on 7: 	 COPY Accuracy:  1.0  average edit distance:  0.0
on 7: 	 TASK Accuracy:  0.31  average edit distance:  2.23
on 8: Epoch  8  :  274.6636700195445
[lr=0.025 clips=36 updates=10100] on 8: 	 COPY Accuracy:  1.0  average edit distance:  0.0
on 8: 	 TASK Accuracy:  0.31  average edit distance:  2.23
on 9: Epoch  9  :  189.45694377329664
[lr=0.025 clips=26 updates=10100] on 9: 	 COPY Accuracy:  1.0  average edit distance:  0.0
on 9: 	 TASK Accuracy:  0.29  average edit distance:  2.28
on 10: Epoch  10  :  152.61452399856944
[lr=0.025 clips=25 updates=10100] on 10: 	 COPY Accuracy:  0.95  average edit distance:  0.05
on 10: 	 TASK Accuracy:  0.28  average edit distance:  2.25
on 11: Epoch  11  :  228.40672604644809
[lr=0.025 clips=30 updates=10100] on 11: 	 COPY Accuracy:  1.0  average edit distance:  0.0
on 11: 	 TASK Accuracy:  0.27  average edit distance:  2.32
on 12: Epoch  12  :  136.30697139495027
[lr=0.025 clips=31 updates=10100] on 12: 	 COPY Accuracy:  0.95  average edit distance:  0.05
on 12: 	 TASK Accuracy:  0.28  average edit distance:  2.29
on 13: Epoch  13  :  230.59146055005363
[lr=0.025 clips=32 updates=10100] on 13: 	 COPY Accuracy:  0.95  average edit distance:  0.05
on 13: 	 TASK Accuracy:  0.3  average edit distance:  2.28
on 14: Epoch  14  :  175.89103833204575
[lr=0.025 clips=24 updates=10100] on 14: 	 COPY Accuracy:  1.0  average edit distance:  0.0
on 14: 	 TASK Accuracy:  0.28  average edit distance:  2.29
on 14: Restarting the trainer with half the learning rate!
on 15: Epoch  15  :  809.2630271499987
[lr=0.0125 clips=77 updates=10100] on 15: 	 COPY Accuracy:  1.0  average edit distance:  0.0
on 15: 	 TASK Accuracy:  0.32  average edit distance:  2.3
on 16: Epoch  16  :  613.8485678805515
[lr=0.0125 clips=60 updates=10100] on 16: 	 COPY Accuracy:  1.0  average edit distance:  0.0
on 16: 	 TASK Accuracy:  0.3  average edit distance:  2.32
on 17: Epoch  17  :  345.9491774743849
[lr=0.0125 clips=48 updates=10100] on 17: 	 COPY Accuracy:  1.0  average edit distance:  0.0
on 17: 	 TASK Accuracy:  0.29  average edit distance:  2.34
on 18: Epoch  18  :  277.6874133202226
[lr=0.0125 clips=39 updates=10100] on 18: 	 COPY Accuracy:  1.0  average edit distance:  0.0
on 18: 	 TASK Accuracy:  0.3  average edit distance:  2.3
on 19: Epoch  19  :  368.4202900937466
[lr=0.0125 clips=45 updates=10100] on 19: 	 COPY Accuracy:  1.0  average edit distance:  0.0
on 19: 	 TASK Accuracy:  0.29  average edit distance:  2.28
on 20: Epoch  20  :  377.0080941590075
[lr=0.0125 clips=43 updates=10100] on 20: 	 COPY Accuracy:  1.0  average edit distance:  0.0
on 20: 	 TASK Accuracy:  0.29  average edit distance:  2.27
on 21: Epoch  21  :  248.21754946569345
[lr=0.0125 clips=37 updates=10100] on 21: 	 COPY Accuracy:  0.95  average edit distance:  0.05
on 21: 	 TASK Accuracy:  0.29  average edit distance:  2.23
on 22: Epoch  22  :  205.45930827182974
[lr=0.0125 clips=30 updates=10100] on 22: 	 COPY Accuracy:  1.0  average edit distance:  0.0
on 22: 	 TASK Accuracy:  0.29  average edit distance:  2.24
on 22: Restarting the trainer with half the learning rate!
Finetuning (2) livonian: |██████████████████████⚠︎                 | (!) 22/40 [55%] in 11:10.1 (0.03/s) 
Best dev accuracy after finetuning:  0.32
Best dev lev distance after finetuning:  2.23
Training time: 2381.374942779541 seconds
