[dynet] random seed: 3638456845
[dynet] allocating memory: 512MB
[dynet] memory allocation done.
Data lengths
transfer-language 0 0 0
test-language 10100 10100 10100
dev 50 50 50
test 50 50
Characters: ['ą', 'r', 'j', 'ô', 'l', 'p', 'ż', 'n', 'ó', 'i', 'c', 'ù', 'g', 'z', 'ë', 'o', 'd', 'h', 'a', 'é', 'm', 'w', 'e', 'ł', 't', 'b', 'u', 'ò', 's', 'J', 'ã', 'ń', 'k', '<EOS>', ' ']
Vocab size: 35
All tags: ['DAT', 'PL', 'SG', 'N', 'VOC', 'INS', 'GEN', 'ESS', 'ACC', 'NOM', '<NULL>']
Tag vocab size: 11
[lr=0.1 clips=985 updates=2020] on 0: Epoch 0 : 7561.264901977032
on 0: 	 COPY Accuracy: 0.94 average edit distance: 0.14
on 0: Accuracy good enough, breaking
Burning in kashubian: |⚠︎                                       | (!) 0/100 [0%] in 40.3s (0.00/s) 
[lr=0.1 clips=6189 updates=14208] on 0: Epoch  0  :  26808.770508658046
on 0: 	 COPY Accuracy:  0.8  average edit distance:  0.65
on 0: 	 TASK Accuracy:  0.1  average edit distance:  1.52
[lr=0.1 clips=2194 updates=14198] on 1: Epoch  1  :  12214.917512494483
on 1: 	 COPY Accuracy:  0.85  average edit distance:  0.3
on 1: 	 TASK Accuracy:  0.15  average edit distance:  1.48
[lr=0.1 clips=1504 updates=14189] on 2: Epoch  2  :  9568.395440501632
on 2: 	 COPY Accuracy:  1.0  average edit distance:  0.0
on 2: 	 TASK Accuracy:  0.16  average edit distance:  1.26
[lr=0.1 clips=1296 updates=14086] on 3: Epoch  3  :  8477.75205191703
on 3: 	 COPY Accuracy:  0.8  average edit distance:  0.95
on 3: 	 TASK Accuracy:  0.13  average edit distance:  1.44
[lr=0.1 clips=1057 updates=14165] on 4: Epoch  4  :  8585.381153925318
on 4: 	 COPY Accuracy:  0.85  average edit distance:  0.15
on 4: 	 TASK Accuracy:  0.15  average edit distance:  1.52
[lr=0.1 clips=973 updates=14070] on 5: Epoch  5  :  7869.415806459361
on 5: 	 COPY Accuracy:  0.95  average edit distance:  0.15
on 5: 	 TASK Accuracy:  0.12  average edit distance:  1.58
[lr=0.1 clips=837 updates=14120] on 6: Epoch  6  :  7296.811366396262
on 6: 	 COPY Accuracy:  0.95  average edit distance:  0.1
on 6: 	 TASK Accuracy:  0.13  average edit distance:  1.56
[lr=0.1 clips=772 updates=14097] on 7: Epoch  7  :  8396.466818722101
on 7: 	 COPY Accuracy:  0.85  average edit distance:  0.6
on 7: 	 TASK Accuracy:  0.13  average edit distance:  1.44
[lr=0.1 clips=695 updates=14161] on 8: Epoch  8  :  6938.0507588194105
on 8: 	 COPY Accuracy:  0.95  average edit distance:  0.05
on 8: 	 TASK Accuracy:  0.12  average edit distance:  1.34
[lr=0.1 clips=650 updates=14149] on 9: Epoch  9  :  7351.148711781579
on 9: 	 COPY Accuracy:  0.8  average edit distance:  0.75
on 9: 	 TASK Accuracy:  0.13  average edit distance:  1.54
on 9: Restarting the trainer with half the learning rate!
[lr=0.05 clips=770 updates=14176] on 10: Epoch  10  :  6466.92607094212
on 10: 	 COPY Accuracy:  0.95  average edit distance:  0.1
on 10: 	 TASK Accuracy:  0.12  average edit distance:  1.48
[lr=0.05 clips=653 updates=14081] on 11: Epoch  11  :  5800.089381261012
on 11: 	 COPY Accuracy:  0.95  average edit distance:  0.05
on 11: 	 TASK Accuracy:  0.15  average edit distance:  1.36
[lr=0.05 clips=608 updates=14180] on 12: Epoch  12  :  5689.678337092542
on 12: 	 COPY Accuracy:  0.85  average edit distance:  0.25
on 12: 	 TASK Accuracy:  0.14  average edit distance:  1.3
[lr=0.05 clips=616 updates=14240] on 13: Epoch  13  :  5460.567598899886
on 13: 	 COPY Accuracy:  0.95  average edit distance:  0.05
on 13: 	 TASK Accuracy:  0.16  average edit distance:  1.36
[lr=0.05 clips=664 updates=14129] on 14: Epoch  14  :  5767.313209959203
on 14: 	 COPY Accuracy:  0.9  average edit distance:  0.2
on 14: 	 TASK Accuracy:  0.14  average edit distance:  1.42
[lr=0.05 clips=660 updates=14229] on 15: Epoch  15  :  5396.940018152001
on 15: 	 COPY Accuracy:  0.85  average edit distance:  0.3
on 15: 	 TASK Accuracy:  0.14  average edit distance:  1.36
[lr=0.05 clips=669 updates=14110] on 16: Epoch  16  :  5570.420431501037
on 16: 	 COPY Accuracy:  0.75  average edit distance:  0.45
on 16: 	 TASK Accuracy:  0.14  average edit distance:  1.36
on 16: Restarting the trainer with half the learning rate!
Pretraining kashubian: |████████████████⚠︎                       | (!) 16/40 [40%] in 9:42.8 (0.03/s) 
Best dev accuracy after pre-training:  0.16
Best dev lev distance after pre-training:  1.26
on 0: Epoch  0  :  9348.599677096341
[lr=0.1 clips=1112 updates=12108] on 0: 	 COPY Accuracy:  0.85  average edit distance:  0.35
on 0: 	 TASK Accuracy:  0.26  average edit distance:  1.44
on 1: Epoch  1  :  9643.39228580092
[lr=0.1 clips=1055 updates=12147] on 1: 	 COPY Accuracy:  0.95  average edit distance:  0.15
on 1: 	 TASK Accuracy:  0.28  average edit distance:  1.32
on 2: Epoch  2  :  9631.568720045096
[lr=0.1 clips=947 updates=12174] on 2: 	 COPY Accuracy:  0.95  average edit distance:  0.1
on 2: 	 TASK Accuracy:  0.28  average edit distance:  1.54
on 3: Epoch  3  :  8823.999519487263
[lr=0.1 clips=1049 updates=12125] on 3: 	 COPY Accuracy:  0.85  average edit distance:  0.3
on 3: 	 TASK Accuracy:  0.28  average edit distance:  1.46
on 4: Epoch  4  :  8887.697849638793
[lr=0.1 clips=876 updates=12084] on 4: 	 COPY Accuracy:  1.0  average edit distance:  0.0
on 4: 	 TASK Accuracy:  0.24  average edit distance:  1.66
on 5: Epoch  5  :  7326.0371142257045
[lr=0.1 clips=786 updates=12123] on 5: 	 COPY Accuracy:  0.95  average edit distance:  0.05
on 5: 	 TASK Accuracy:  0.26  average edit distance:  1.42
on 6: Epoch  6  :  8389.269478638533
[lr=0.1 clips=885 updates=12156] on 6: 	 COPY Accuracy:  0.9  average edit distance:  0.25
on 6: 	 TASK Accuracy:  0.3  average edit distance:  1.4
on 7: Epoch  7  :  9241.793882429318
[lr=0.1 clips=920 updates=12118] on 7: 	 COPY Accuracy:  0.85  average edit distance:  0.4
on 7: 	 TASK Accuracy:  0.24  average edit distance:  1.4
on 8: Epoch  8  :  10273.212166961293
[lr=0.1 clips=887 updates=12131] on 8: 	 COPY Accuracy:  0.8  average edit distance:  0.5
on 8: 	 TASK Accuracy:  0.26  average edit distance:  1.34
on 9: Epoch  9  :  10033.9152923856
[lr=0.1 clips=896 updates=12128] on 9: 	 COPY Accuracy:  0.8  average edit distance:  0.75
on 9: 	 TASK Accuracy:  0.26  average edit distance:  1.34
on 10: Epoch  10  :  8427.015529653
[lr=0.1 clips=933 updates=12109] on 10: 	 COPY Accuracy:  0.95  average edit distance:  0.1
on 10: 	 TASK Accuracy:  0.24  average edit distance:  1.38
on 11: Epoch  11  :  8889.290902819223
[lr=0.1 clips=889 updates=12163] on 11: 	 COPY Accuracy:  0.85  average edit distance:  0.25
on 11: 	 TASK Accuracy:  0.26  average edit distance:  1.3
on 12: Epoch  12  :  9186.736923685956
[lr=0.1 clips=885 updates=12133] on 12: 	 COPY Accuracy:  0.9  average edit distance:  0.3
on 12: 	 TASK Accuracy:  0.28  average edit distance:  1.36
on 13: Epoch  13  :  9873.177866004171
[lr=0.1 clips=914 updates=12055] on 13: 	 COPY Accuracy:  0.9  average edit distance:  0.45
on 13: 	 TASK Accuracy:  0.24  average edit distance:  1.44
on 13: Restarting the trainer with half the learning rate!
on 14: Epoch  14  :  6208.746049061071
[lr=0.05 clips=643 updates=12115] on 14: 	 COPY Accuracy:  0.9  average edit distance:  0.1
on 14: 	 TASK Accuracy:  0.28  average edit distance:  1.3
on 15: Epoch  15  :  5975.925279938737
[lr=0.05 clips=654 updates=12145] on 15: 	 COPY Accuracy:  0.95  average edit distance:  0.05
on 15: 	 TASK Accuracy:  0.26  average edit distance:  1.4
on 16: Epoch  16  :  5700.485885436642
[lr=0.05 clips=708 updates=12125] on 16: 	 COPY Accuracy:  0.9  average edit distance:  0.1
on 16: 	 TASK Accuracy:  0.3  average edit distance:  1.28
on 17: Epoch  17  :  5474.3717837951845
[lr=0.05 clips=709 updates=12099] on 17: 	 COPY Accuracy:  0.85  average edit distance:  0.25
on 17: 	 TASK Accuracy:  0.28  average edit distance:  1.3
on 18: Epoch  18  :  5644.82579663991
[lr=0.05 clips=750 updates=12128] on 18: 	 COPY Accuracy:  0.95  average edit distance:  0.1
on 18: 	 TASK Accuracy:  0.26  average edit distance:  1.34
on 19: Epoch  19  :  5587.340443506244
[lr=0.05 clips=779 updates=12169] on 19: 	 COPY Accuracy:  0.85  average edit distance:  0.35
on 19: 	 TASK Accuracy:  0.28  average edit distance:  1.32
on 20: Epoch  20  :  5695.550173847052
[lr=0.05 clips=790 updates=12150] on 20: 	 COPY Accuracy:  0.85  average edit distance:  0.25
on 20: 	 TASK Accuracy:  0.26  average edit distance:  1.42
on 20: Restarting the trainer with half the learning rate!
Finetuning (1) kashubian: |████████████████████⚠︎                   | (!) 20/40 [50%] in 10:02.7 (0.03/s) 
on 0: Epoch  0  :  5107.547273592136
[lr=0.05 clips=749 updates=10100] on 0: 	 COPY Accuracy:  0.95  average edit distance:  0.15
on 0: 	 TASK Accuracy:  0.26  average edit distance:  1.4
on 0: Restarting the trainer with half the learning rate!
on 1: Epoch  1  :  5667.3522652281845
[lr=0.025 clips=651 updates=10100] on 1: 	 COPY Accuracy:  0.95  average edit distance:  0.15
on 1: 	 TASK Accuracy:  0.28  average edit distance:  1.22
on 2: Epoch  2  :  4993.550218366916
[lr=0.025 clips=533 updates=10100] on 2: 	 COPY Accuracy:  0.85  average edit distance:  0.6
on 2: 	 TASK Accuracy:  0.28  average edit distance:  1.26
on 3: Epoch  3  :  4599.388155762866
[lr=0.025 clips=518 updates=10100] on 3: 	 COPY Accuracy:  0.9  average edit distance:  0.2
on 3: 	 TASK Accuracy:  0.26  average edit distance:  1.34
on 4: Epoch  4  :  4594.004653659676
[lr=0.025 clips=553 updates=10100] on 4: 	 COPY Accuracy:  0.95  average edit distance:  0.3
on 4: 	 TASK Accuracy:  0.3  average edit distance:  1.28
on 5: Epoch  5  :  4589.463665551703
[lr=0.025 clips=573 updates=10100] on 5: 	 COPY Accuracy:  0.85  average edit distance:  0.35
on 5: 	 TASK Accuracy:  0.3  average edit distance:  1.24
on 6: Epoch  6  :  4522.200835927944
[lr=0.025 clips=622 updates=10100] on 6: 	 COPY Accuracy:  1.0  average edit distance:  0.0
on 6: 	 TASK Accuracy:  0.28  average edit distance:  1.24
on 7: Epoch  7  :  4394.760008088095
[lr=0.025 clips=682 updates=10100] on 7: 	 COPY Accuracy:  0.95  average edit distance:  0.1
on 7: 	 TASK Accuracy:  0.26  average edit distance:  1.34
on 7: Restarting the trainer with half the learning rate!
on 8: Epoch  8  :  5313.958247926323
[lr=0.0125 clips=635 updates=10100] on 8: 	 COPY Accuracy:  0.95  average edit distance:  0.15
on 8: 	 TASK Accuracy:  0.26  average edit distance:  1.26
on 9: Epoch  9  :  5069.075826809091
[lr=0.0125 clips=612 updates=10100] on 9: 	 COPY Accuracy:  0.9  average edit distance:  0.3
on 9: 	 TASK Accuracy:  0.28  average edit distance:  1.22
on 10: Epoch  10  :  5382.05132481701
[lr=0.0125 clips=636 updates=10100] on 10: 	 COPY Accuracy:  0.85  average edit distance:  0.4
on 10: 	 TASK Accuracy:  0.28  average edit distance:  1.22
on 11: Epoch  11  :  4580.216309743306
[lr=0.0125 clips=619 updates=10100] on 11: 	 COPY Accuracy:  0.9  average edit distance:  0.2
on 11: 	 TASK Accuracy:  0.28  average edit distance:  1.22
on 12: Epoch  12  :  4650.4727018859885
[lr=0.0125 clips=600 updates=10100] on 12: 	 COPY Accuracy:  0.95  average edit distance:  0.3
on 12: 	 TASK Accuracy:  0.28  average edit distance:  1.3
on 13: Epoch  13  :  4489.3857641624145
[lr=0.0125 clips=670 updates=10100] on 13: 	 COPY Accuracy:  0.9  average edit distance:  0.45
on 13: 	 TASK Accuracy:  0.28  average edit distance:  1.22
on 14: Epoch  14  :  4457.793765884472
[lr=0.0125 clips=710 updates=10100] on 14: 	 COPY Accuracy:  0.95  average edit distance:  0.15
on 14: 	 TASK Accuracy:  0.26  average edit distance:  1.22
on 14: Restarting the trainer with half the learning rate!
Finetuning (2) kashubian: |██████████████⚠︎                         | (!) 14/40 [35%] in 5:57.7 (0.04/s) 
Best dev accuracy after finetuning:  0.3
Best dev lev distance after finetuning:  1.22
Training time: 1583.6190478801727 seconds
