[dynet] random seed: 1098612478
[dynet] allocating memory: 512MB
[dynet] memory allocation done.
Data lengths
transfer-language 0 0 0
test-language 10100 10100 10100
dev 100 100 100
test 100 100
Characters: ['অ', 'প', 'ঢ', 'য', 'ই', 'ঘ', 'ড', 'ছ', 'চ', 'হ', 'ধ', 'উ', '়', 'ভ', 'ম', 'ষ', 'ঙ', 'ত', 'দ', 'গ', 'ৃ', 'আ', 'খ', 'ও', ' ', 'ঁ', 'ন', 'ঠ', 'ণ', 'ু', 'ে', 'ি', 'ট', 'ো', 'ল', 'স', 'ঝ', 'ৌ', 'এ', 'ক', 'জ', '্', 'শ', 'ব', 'ী', 'া', 'ফ', 'র', '<EOS>']
Vocab size: 49
All tags: ['3', 'INFM', 'LOC', 'DEF', 'FUT', 'SG', 'PROG', 'NDEF', 'PTCP', 'COND', 'ACC', 'LGSPEC1', 'POL', 'PST', 'N', '2', 'PL', 'NFIN', 'MSDR', 'PRF', 'V', 'HAB', 'GEN', '1', 'NOM', 'PRS', '<NULL>']
Tag vocab size: 27
[lr=0.1 clips=1463 updates=2020] on 0: Epoch 0 : 17182.079236246645
on 0: 	 COPY Accuracy: 0.93 average edit distance: 0.22
on 0: Accuracy good enough, breaking
Burning in bengali: |⚠︎                                       | (!) 0/100 [0%] in 44.8s (0.00/s) 
[lr=0.1 clips=3793 updates=14256] on 0: Epoch  0  :  25874.51524839676
on 0: 	 COPY Accuracy:  0.85  average edit distance:  0.15
on 0: 	 TASK Accuracy:  0.38  average edit distance:  1.36
[lr=0.1 clips=701 updates=14220] on 1: Epoch  1  :  6400.136441477619
on 1: 	 COPY Accuracy:  0.95  average edit distance:  0.1
on 1: 	 TASK Accuracy:  0.39  average edit distance:  1.41
[lr=0.1 clips=481 updates=14178] on 2: Epoch  2  :  4243.418863657958
on 2: 	 COPY Accuracy:  0.9  average edit distance:  0.15
on 2: 	 TASK Accuracy:  0.43  average edit distance:  1.26
[lr=0.1 clips=395 updates=14091] on 3: Epoch  3  :  3428.343621454643
on 3: 	 COPY Accuracy:  1.0  average edit distance:  0.0
on 3: 	 TASK Accuracy:  0.45  average edit distance:  1.2
[lr=0.1 clips=235 updates=14077] on 4: Epoch  4  :  1945.6792764585443
on 4: 	 COPY Accuracy:  0.85  average edit distance:  0.15
on 4: 	 TASK Accuracy:  0.46  average edit distance:  1.08
[lr=0.1 clips=215 updates=14076] on 5: Epoch  5  :  1636.4049026536625
on 5: 	 COPY Accuracy:  1.0  average edit distance:  0.0
on 5: 	 TASK Accuracy:  0.47  average edit distance:  1.11
[lr=0.1 clips=130 updates=14206] on 6: Epoch  6  :  881.1651196762186
on 6: 	 COPY Accuracy:  0.9  average edit distance:  0.1
on 6: 	 TASK Accuracy:  0.45  average edit distance:  1.16
[lr=0.1 clips=102 updates=14139] on 7: Epoch  7  :  745.7763513283646
on 7: 	 COPY Accuracy:  0.75  average edit distance:  0.4
on 7: 	 TASK Accuracy:  0.46  average edit distance:  1.07
[lr=0.1 clips=115 updates=14142] on 8: Epoch  8  :  879.9645646560593
on 8: 	 COPY Accuracy:  0.75  average edit distance:  0.55
on 8: 	 TASK Accuracy:  0.48  average edit distance:  1.0
[lr=0.1 clips=91 updates=14148] on 9: Epoch  9  :  669.446775011499
on 9: 	 COPY Accuracy:  0.9  average edit distance:  0.2
on 9: 	 TASK Accuracy:  0.46  average edit distance:  1.08
[lr=0.1 clips=81 updates=14109] on 10: Epoch  10  :  950.3443209097757
on 10: 	 COPY Accuracy:  0.95  average edit distance:  0.2
on 10: 	 TASK Accuracy:  0.48  average edit distance:  1.13
[lr=0.1 clips=84 updates=14143] on 11: Epoch  11  :  960.4961756759981
on 11: 	 COPY Accuracy:  1.0  average edit distance:  0.0
on 11: 	 TASK Accuracy:  0.5  average edit distance:  1.03
[lr=0.1 clips=52 updates=14140] on 12: Epoch  12  :  329.8785959504222
on 12: 	 COPY Accuracy:  0.8  average edit distance:  0.3
on 12: 	 TASK Accuracy:  0.51  average edit distance:  0.98
[lr=0.1 clips=48 updates=14228] on 13: Epoch  13  :  479.63180303039024
on 13: 	 COPY Accuracy:  0.75  average edit distance:  0.25
on 13: 	 TASK Accuracy:  0.52  average edit distance:  0.95
[lr=0.1 clips=55 updates=14136] on 14: Epoch  14  :  428.7320772856201
on 14: 	 COPY Accuracy:  0.8  average edit distance:  0.5
on 14: 	 TASK Accuracy:  0.5  average edit distance:  0.94
[lr=0.1 clips=88 updates=14093] on 15: Epoch  15  :  784.5522722758184
on 15: 	 COPY Accuracy:  1.0  average edit distance:  0.0
on 15: 	 TASK Accuracy:  0.51  average edit distance:  0.96
[lr=0.1 clips=69 updates=14162] on 16: Epoch  16  :  514.4349027569176
on 16: 	 COPY Accuracy:  0.9  average edit distance:  0.25
on 16: 	 TASK Accuracy:  0.49  average edit distance:  1.02
[lr=0.1 clips=53 updates=14062] on 17: Epoch  17  :  245.11560604197598
on 17: 	 COPY Accuracy:  0.95  average edit distance:  0.2
on 17: 	 TASK Accuracy:  0.47  average edit distance:  1.07
[lr=0.1 clips=58 updates=14317] on 18: Epoch  18  :  413.18098891243795
on 18: 	 COPY Accuracy:  0.85  average edit distance:  0.45
on 18: 	 TASK Accuracy:  0.49  average edit distance:  0.96
[lr=0.1 clips=29 updates=14151] on 19: Epoch  19  :  214.58999862834656
on 19: 	 COPY Accuracy:  0.85  average edit distance:  0.5
on 19: 	 TASK Accuracy:  0.51  average edit distance:  0.93
[lr=0.1 clips=42 updates=14088] on 20: Epoch  20  :  422.35703549567256
on 20: 	 COPY Accuracy:  0.85  average edit distance:  0.35
on 20: 	 TASK Accuracy:  0.48  average edit distance:  1.0
on 20: Restarting the trainer with half the learning rate!
[lr=0.05 clips=47 updates=14282] on 21: Epoch  21  :  188.6580164727214
on 21: 	 COPY Accuracy:  0.95  average edit distance:  0.05
on 21: 	 TASK Accuracy:  0.54  average edit distance:  0.89
[lr=0.05 clips=22 updates=14156] on 22: Epoch  22  :  145.28225252287268
on 22: 	 COPY Accuracy:  0.95  average edit distance:  0.05
on 22: 	 TASK Accuracy:  0.55  average edit distance:  0.83
[lr=0.05 clips=35 updates=14133] on 23: Epoch  23  :  245.44212605355298
on 23: 	 COPY Accuracy:  0.95  average edit distance:  0.2
on 23: 	 TASK Accuracy:  0.52  average edit distance:  0.96
[lr=0.05 clips=27 updates=14169] on 24: Epoch  24  :  72.47624586703134
on 24: 	 COPY Accuracy:  0.95  average edit distance:  0.05
on 24: 	 TASK Accuracy:  0.48  average edit distance:  0.98
[lr=0.05 clips=19 updates=14199] on 25: Epoch  25  :  103.72482045854292
on 25: 	 COPY Accuracy:  0.9  average edit distance:  0.1
on 25: 	 TASK Accuracy:  0.5  average edit distance:  1.01
[lr=0.05 clips=29 updates=14035] on 26: Epoch  26  :  83.44169217661938
on 26: 	 COPY Accuracy:  0.95  average edit distance:  0.2
on 26: 	 TASK Accuracy:  0.5  average edit distance:  0.95
[lr=0.05 clips=36 updates=14195] on 27: Epoch  27  :  322.4610813560452
on 27: 	 COPY Accuracy:  0.95  average edit distance:  0.2
on 27: 	 TASK Accuracy:  0.52  average edit distance:  0.93
[lr=0.05 clips=20 updates=14109] on 28: Epoch  28  :  55.25612978053489
on 28: 	 COPY Accuracy:  0.95  average edit distance:  0.2
on 28: 	 TASK Accuracy:  0.52  average edit distance:  0.96
[lr=0.05 clips=12 updates=14212] on 29: Epoch  29  :  29.02291219707432
on 29: 	 COPY Accuracy:  0.95  average edit distance:  0.2
on 29: 	 TASK Accuracy:  0.51  average edit distance:  0.95
on 29: Restarting the trainer with half the learning rate!
Pretraining bengali: |█████████████████████████████⚠︎          | (!) 29/40 [72%] in 18:53.6 (0.03/s) 
Best dev accuracy after pre-training:  0.55
Best dev lev distance after pre-training:  0.83
on 0: Epoch  0  :  27.182932089266927
[lr=0.1 clips=16 updates=12157] on 0: 	 COPY Accuracy:  0.95  average edit distance:  0.05
on 0: 	 TASK Accuracy:  0.53  average edit distance:  0.92
on 1: Epoch  1  :  203.0986048466545
[lr=0.1 clips=24 updates=12125] on 1: 	 COPY Accuracy:  0.9  average edit distance:  0.25
on 1: 	 TASK Accuracy:  0.52  average edit distance:  0.92
on 2: Epoch  2  :  308.58280114745526
[lr=0.1 clips=33 updates=12116] on 2: 	 COPY Accuracy:  0.9  average edit distance:  0.5
on 2: 	 TASK Accuracy:  0.53  average edit distance:  0.94
on 3: Epoch  3  :  409.31901270656647
[lr=0.1 clips=21 updates=12132] on 3: 	 COPY Accuracy:  0.9  average edit distance:  0.3
on 3: 	 TASK Accuracy:  0.52  average edit distance:  0.95
on 4: Epoch  4  :  321.15074105910685
[lr=0.1 clips=29 updates=12117] on 4: 	 COPY Accuracy:  0.85  average edit distance:  0.3
on 4: 	 TASK Accuracy:  0.53  average edit distance:  0.92
on 5: Epoch  5  :  289.6578446763706
[lr=0.1 clips=29 updates=12140] on 5: 	 COPY Accuracy:  0.9  average edit distance:  0.25
on 5: 	 TASK Accuracy:  0.48  average edit distance:  0.96
on 6: Epoch  6  :  293.23278748827994
[lr=0.1 clips=30 updates=12085] on 6: 	 COPY Accuracy:  0.8  average edit distance:  0.4
on 6: 	 TASK Accuracy:  0.48  average edit distance:  0.93
on 6: Restarting the trainer with half the learning rate!
on 7: Epoch  7  :  285.404175597054
[lr=0.05 clips=22 updates=12159] on 7: 	 COPY Accuracy:  0.95  average edit distance:  0.05
on 7: 	 TASK Accuracy:  0.52  average edit distance:  0.95
on 8: Epoch  8  :  105.70579266388407
[lr=0.05 clips=24 updates=12153] on 8: 	 COPY Accuracy:  0.95  average edit distance:  0.2
on 8: 	 TASK Accuracy:  0.5  average edit distance:  0.97
on 9: Epoch  9  :  73.69926799245115
[lr=0.05 clips=25 updates=12142] on 9: 	 COPY Accuracy:  0.95  average edit distance:  0.2
on 9: 	 TASK Accuracy:  0.52  average edit distance:  0.93
on 10: Epoch  10  :  211.3292437767288
[lr=0.05 clips=20 updates=12091] on 10: 	 COPY Accuracy:  0.85  average edit distance:  0.35
on 10: 	 TASK Accuracy:  0.52  average edit distance:  0.98
on 11: Epoch  11  :  51.16893320550476
[lr=0.05 clips=19 updates=12132] on 11: 	 COPY Accuracy:  0.8  average edit distance:  0.75
on 11: 	 TASK Accuracy:  0.49  average edit distance:  0.95
on 12: Epoch  12  :  66.78844674852277
[lr=0.05 clips=20 updates=12129] on 12: 	 COPY Accuracy:  0.9  average edit distance:  0.25
on 12: 	 TASK Accuracy:  0.49  average edit distance:  1.02
on 13: Epoch  13  :  52.97380730666116
[lr=0.05 clips=23 updates=12134] on 13: 	 COPY Accuracy:  1.0  average edit distance:  0.0
on 13: 	 TASK Accuracy:  0.5  average edit distance:  1.02
on 13: Restarting the trainer with half the learning rate!
Finetuning (1) bengali: |█████████████⚠︎                          | (!) 13/40 [32%] in 7:49.7 (0.03/s) 
on 0: Epoch  0  :  236.52206733562193
[lr=0.05 clips=15 updates=10100] on 0: 	 COPY Accuracy:  0.95  average edit distance:  0.05
on 0: 	 TASK Accuracy:  0.5  average edit distance:  1.04
on 0: Restarting the trainer with half the learning rate!
on 1: Epoch  1  :  61.11239138378029
[lr=0.025 clips=20 updates=10100] on 1: 	 COPY Accuracy:  0.9  average edit distance:  0.1
on 1: 	 TASK Accuracy:  0.55  average edit distance:  0.84
on 2: Epoch  2  :  220.01177678057263
[lr=0.025 clips=13 updates=10100] on 2: 	 COPY Accuracy:  0.95  average edit distance:  0.05
on 2: 	 TASK Accuracy:  0.55  average edit distance:  0.84
on 3: Epoch  3  :  92.96900194239106
[lr=0.025 clips=12 updates=10100] on 3: 	 COPY Accuracy:  0.95  average edit distance:  0.2
on 3: 	 TASK Accuracy:  0.54  average edit distance:  0.89
on 4: Epoch  4  :  81.93333714401993
[lr=0.025 clips=17 updates=10100] on 4: 	 COPY Accuracy:  0.95  average edit distance:  0.05
on 4: 	 TASK Accuracy:  0.53  average edit distance:  0.97
on 5: Epoch  5  :  26.09652048000507
[lr=0.025 clips=11 updates=10100] on 5: 	 COPY Accuracy:  1.0  average edit distance:  0.0
on 5: 	 TASK Accuracy:  0.53  average edit distance:  0.96
on 6: Epoch  6  :  41.31232819939683
[lr=0.025 clips=11 updates=10100] on 6: 	 COPY Accuracy:  0.9  average edit distance:  0.15
on 6: 	 TASK Accuracy:  0.53  average edit distance:  0.95
on 7: Epoch  7  :  29.180524781560905
[lr=0.025 clips=13 updates=10100] on 7: 	 COPY Accuracy:  0.85  average edit distance:  0.5
on 7: 	 TASK Accuracy:  0.53  average edit distance:  0.91
on 7: Restarting the trainer with half the learning rate!
on 8: Epoch  8  :  64.82234842047293
[lr=0.0125 clips=20 updates=10100] on 8: 	 COPY Accuracy:  0.9  average edit distance:  0.25
on 8: 	 TASK Accuracy:  0.56  average edit distance:  0.81
on 9: Epoch  9  :  33.709534540383686
[lr=0.0125 clips=16 updates=10100] on 9: 	 COPY Accuracy:  0.95  average edit distance:  0.2
on 9: 	 TASK Accuracy:  0.55  average edit distance:  0.89
on 10: Epoch  10  :  43.65852650741698
[lr=0.0125 clips=15 updates=10100] on 10: 	 COPY Accuracy:  0.9  average edit distance:  0.4
on 10: 	 TASK Accuracy:  0.55  average edit distance:  0.87
on 11: Epoch  11  :  43.31291618693518
[lr=0.0125 clips=16 updates=10100] on 11: 	 COPY Accuracy:  0.9  average edit distance:  0.1
on 11: 	 TASK Accuracy:  0.56  average edit distance:  0.83
on 12: Epoch  12  :  114.97076587329386
[lr=0.0125 clips=14 updates=10100] on 12: 	 COPY Accuracy:  0.95  average edit distance:  0.05
on 12: 	 TASK Accuracy:  0.55  average edit distance:  0.83
on 13: Epoch  13  :  35.75955429517296
[lr=0.0125 clips=11 updates=10100] on 13: 	 COPY Accuracy:  0.85  average edit distance:  0.3
on 13: 	 TASK Accuracy:  0.54  average edit distance:  0.88
on 14: Epoch  14  :  39.4498341767103
[lr=0.0125 clips=13 updates=10100] on 14: 	 COPY Accuracy:  0.85  average edit distance:  0.45
on 14: 	 TASK Accuracy:  0.54  average edit distance:  0.88
on 15: Epoch  15  :  24.446006153306655
[lr=0.0125 clips=9 updates=10100] on 15: 	 COPY Accuracy:  0.9  average edit distance:  0.4
on 15: 	 TASK Accuracy:  0.55  average edit distance:  0.88
on 15: Restarting the trainer with half the learning rate!
Finetuning (2) bengali: |███████████████⚠︎                        | (!) 15/40 [38%] in 7:19.4 (0.03/s) 
Best dev accuracy after finetuning:  0.56
Best dev lev distance after finetuning:  0.81
Training time: 2087.546210050583 seconds
