[dynet] random seed: 1035302351
[dynet] allocating memory: 512MB
[dynet] memory allocation done.
Data lengths
transfer-language 0 0 0
test-language 10100 10100 10100
dev 100 100 100
test 100 100
Characters: ['ی', 'ټ', ' ', 'ي', 'ۍ', 'چ', 'څ', 'ز', 'و', 'ڼ', 'ا', 'غ', 'ى', 'د', 'ځ', 'ب', 'ك', 'ن', 'ر', 'پ', 'ل', 'م', 'س', 'ج', 'ې', 'ﺉ', 'ډ', 'ش', 'ژ', 'ۀ', 'ه', 'ړ', 'خ', 'ږ', 'ک', 'ګ', 'ښ', 'ت', 'ئ', '<EOS>']
Vocab size: 40
All tags: ['LGSPEC2', '1', 'non', '2', 'VOC', 'IPFV', 'PL', 'V', 'FEM', 'PFV', 'N', '3', 'PST', 'FUT', 'LGSPEC1', 'ADJ', 'PRS', 'NOM', 'SG', 'MASC', '<NULL>']
Tag vocab size: 21
[lr=0.1 clips=1434 updates=2020] on 0: Epoch 0 : 15133.124746099114
on 0: 	 COPY Accuracy: 0.99 average edit distance: 0.01
on 0: Accuracy good enough, breaking
Burning in pashto: |⚠︎                                       | (!) 0/100 [0%] in 45.0s (0.00/s) 
[lr=0.1 clips=5885 updates=14115] on 0: Epoch  0  :  52311.82841732787
on 0: 	 COPY Accuracy:  1.0  average edit distance:  0.0
on 0: 	 TASK Accuracy:  0.35  average edit distance:  1.65
[lr=0.1 clips=1514 updates=14147] on 1: Epoch  1  :  14716.128964387868
on 1: 	 COPY Accuracy:  0.95  average edit distance:  0.05
on 1: 	 TASK Accuracy:  0.34  average edit distance:  1.77
[lr=0.1 clips=930 updates=14138] on 2: Epoch  2  :  8629.80768948852
on 2: 	 COPY Accuracy:  1.0  average edit distance:  0.0
on 2: 	 TASK Accuracy:  0.35  average edit distance:  1.69
[lr=0.1 clips=668 updates=14072] on 3: Epoch  3  :  6408.43946069234
on 3: 	 COPY Accuracy:  1.0  average edit distance:  0.0
on 3: 	 TASK Accuracy:  0.36  average edit distance:  1.51
[lr=0.1 clips=447 updates=14125] on 4: Epoch  4  :  4018.009554224467
on 4: 	 COPY Accuracy:  1.0  average edit distance:  0.0
on 4: 	 TASK Accuracy:  0.35  average edit distance:  1.48
[lr=0.1 clips=396 updates=14170] on 5: Epoch  5  :  3508.835973747958
on 5: 	 COPY Accuracy:  1.0  average edit distance:  0.0
on 5: 	 TASK Accuracy:  0.36  average edit distance:  1.45
[lr=0.1 clips=345 updates=14106] on 6: Epoch  6  :  2991.810454522274
on 6: 	 COPY Accuracy:  1.0  average edit distance:  0.0
on 6: 	 TASK Accuracy:  0.37  average edit distance:  1.36
[lr=0.1 clips=274 updates=14234] on 7: Epoch  7  :  2213.9730759942854
on 7: 	 COPY Accuracy:  1.0  average edit distance:  0.0
on 7: 	 TASK Accuracy:  0.38  average edit distance:  1.32
[lr=0.1 clips=226 updates=14222] on 8: Epoch  8  :  1919.718391542359
on 8: 	 COPY Accuracy:  1.0  average edit distance:  0.0
on 8: 	 TASK Accuracy:  0.35  average edit distance:  1.41
[lr=0.1 clips=189 updates=14169] on 9: Epoch  9  :  1496.8361167164067
on 9: 	 COPY Accuracy:  1.0  average edit distance:  0.0
on 9: 	 TASK Accuracy:  0.35  average edit distance:  1.38
[lr=0.1 clips=168 updates=14225] on 10: Epoch  10  :  1446.261900434826
on 10: 	 COPY Accuracy:  1.0  average edit distance:  0.0
on 10: 	 TASK Accuracy:  0.35  average edit distance:  1.34
[lr=0.1 clips=159 updates=14188] on 11: Epoch  11  :  1337.029673037727
on 11: 	 COPY Accuracy:  1.0  average edit distance:  0.0
on 11: 	 TASK Accuracy:  0.36  average edit distance:  1.37
[lr=0.1 clips=128 updates=14172] on 12: Epoch  12  :  922.0355476623737
on 12: 	 COPY Accuracy:  0.95  average edit distance:  0.05
on 12: 	 TASK Accuracy:  0.38  average edit distance:  1.32
[lr=0.1 clips=106 updates=14178] on 13: Epoch  13  :  828.037546664272
on 13: 	 COPY Accuracy:  1.0  average edit distance:  0.0
on 13: 	 TASK Accuracy:  0.35  average edit distance:  1.37
[lr=0.1 clips=122 updates=14109] on 14: Epoch  14  :  1066.3228873089245
on 14: 	 COPY Accuracy:  1.0  average edit distance:  0.0
on 14: 	 TASK Accuracy:  0.34  average edit distance:  1.34
on 14: Restarting the trainer with half the learning rate!
[lr=0.05 clips=134 updates=14193] on 15: Epoch  15  :  1203.432828954589
on 15: 	 COPY Accuracy:  1.0  average edit distance:  0.0
on 15: 	 TASK Accuracy:  0.36  average edit distance:  1.37
[lr=0.05 clips=106 updates=14226] on 16: Epoch  16  :  906.6784305130695
on 16: 	 COPY Accuracy:  1.0  average edit distance:  0.0
on 16: 	 TASK Accuracy:  0.37  average edit distance:  1.37
[lr=0.05 clips=76 updates=14166] on 17: Epoch  17  :  811.8244252863249
on 17: 	 COPY Accuracy:  1.0  average edit distance:  0.0
on 17: 	 TASK Accuracy:  0.37  average edit distance:  1.33
[lr=0.05 clips=69 updates=14046] on 18: Epoch  18  :  507.02636300948194
on 18: 	 COPY Accuracy:  1.0  average edit distance:  0.0
on 18: 	 TASK Accuracy:  0.38  average edit distance:  1.35
[lr=0.05 clips=68 updates=14074] on 19: Epoch  19  :  681.1252147689125
on 19: 	 COPY Accuracy:  1.0  average edit distance:  0.0
on 19: 	 TASK Accuracy:  0.39  average edit distance:  1.3
[lr=0.05 clips=66 updates=14149] on 20: Epoch  20  :  473.802398586233
on 20: 	 COPY Accuracy:  1.0  average edit distance:  0.0
on 20: 	 TASK Accuracy:  0.37  average edit distance:  1.37
[lr=0.05 clips=45 updates=14191] on 21: Epoch  21  :  436.23552707210325
on 21: 	 COPY Accuracy:  1.0  average edit distance:  0.0
on 21: 	 TASK Accuracy:  0.39  average edit distance:  1.28
[lr=0.05 clips=53 updates=14157] on 22: Epoch  22  :  390.47024349193237
on 22: 	 COPY Accuracy:  1.0  average edit distance:  0.0
on 22: 	 TASK Accuracy:  0.4  average edit distance:  1.26
[lr=0.05 clips=58 updates=14202] on 23: Epoch  23  :  382.7439203844149
on 23: 	 COPY Accuracy:  1.0  average edit distance:  0.0
on 23: 	 TASK Accuracy:  0.38  average edit distance:  1.27
[lr=0.05 clips=49 updates=14097] on 24: Epoch  24  :  433.72455737393994
on 24: 	 COPY Accuracy:  1.0  average edit distance:  0.0
on 24: 	 TASK Accuracy:  0.38  average edit distance:  1.33
[lr=0.05 clips=60 updates=14157] on 25: Epoch  25  :  278.54821670691183
on 25: 	 COPY Accuracy:  1.0  average edit distance:  0.0
on 25: 	 TASK Accuracy:  0.39  average edit distance:  1.29
[lr=0.05 clips=51 updates=14176] on 26: Epoch  26  :  294.85374731228717
on 26: 	 COPY Accuracy:  1.0  average edit distance:  0.0
on 26: 	 TASK Accuracy:  0.39  average edit distance:  1.29
[lr=0.05 clips=53 updates=14016] on 27: Epoch  27  :  224.14781874991445
on 27: 	 COPY Accuracy:  1.0  average edit distance:  0.0
on 27: 	 TASK Accuracy:  0.38  average edit distance:  1.37
[lr=0.05 clips=41 updates=14187] on 28: Epoch  28  :  223.43559164367554
on 28: 	 COPY Accuracy:  1.0  average edit distance:  0.0
on 28: 	 TASK Accuracy:  0.36  average edit distance:  1.38
[lr=0.05 clips=62 updates=14099] on 29: Epoch  29  :  552.9152796547442
on 29: 	 COPY Accuracy:  1.0  average edit distance:  0.0
on 29: 	 TASK Accuracy:  0.36  average edit distance:  1.32
on 29: Restarting the trainer with half the learning rate!
Pretraining pashto: |█████████████████████████████⚠︎          | (!) 29/40 [72%] in 18:18.2 (0.03/s) 
Best dev accuracy after pre-training:  0.4
Best dev lev distance after pre-training:  1.26
on 0: Epoch  0  :  704.7195443578847
[lr=0.1 clips=63 updates=12138] on 0: 	 COPY Accuracy:  1.0  average edit distance:  0.0
on 0: 	 TASK Accuracy:  0.36  average edit distance:  1.35
on 1: Epoch  1  :  552.2911607727641
[lr=0.1 clips=54 updates=12126] on 1: 	 COPY Accuracy:  1.0  average edit distance:  0.0
on 1: 	 TASK Accuracy:  0.36  average edit distance:  1.33
on 2: Epoch  2  :  560.7746761831272
[lr=0.1 clips=65 updates=12073] on 2: 	 COPY Accuracy:  1.0  average edit distance:  0.0
on 2: 	 TASK Accuracy:  0.34  average edit distance:  1.42
on 3: Epoch  3  :  1001.4630387464356
[lr=0.1 clips=78 updates=12087] on 3: 	 COPY Accuracy:  1.0  average edit distance:  0.0
on 3: 	 TASK Accuracy:  0.37  average edit distance:  1.33
on 4: Epoch  4  :  556.3654315341448
[lr=0.1 clips=81 updates=12166] on 4: 	 COPY Accuracy:  1.0  average edit distance:  0.0
on 4: 	 TASK Accuracy:  0.37  average edit distance:  1.4
on 5: Epoch  5  :  1459.8950859986714
[lr=0.1 clips=97 updates=12142] on 5: 	 COPY Accuracy:  1.0  average edit distance:  0.0
on 5: 	 TASK Accuracy:  0.37  average edit distance:  1.31
on 6: Epoch  6  :  926.8478914500085
[lr=0.1 clips=72 updates=12163] on 6: 	 COPY Accuracy:  1.0  average edit distance:  0.0
on 6: 	 TASK Accuracy:  0.38  average edit distance:  1.36
on 6: Restarting the trainer with half the learning rate!
on 7: Epoch  7  :  678.3222099539397
[lr=0.05 clips=53 updates=12057] on 7: 	 COPY Accuracy:  1.0  average edit distance:  0.0
on 7: 	 TASK Accuracy:  0.39  average edit distance:  1.3
on 8: Epoch  8  :  432.79396046552756
[lr=0.05 clips=48 updates=12171] on 8: 	 COPY Accuracy:  1.0  average edit distance:  0.0
on 8: 	 TASK Accuracy:  0.37  average edit distance:  1.28
on 9: Epoch  9  :  366.75405643314986
[lr=0.05 clips=36 updates=12164] on 9: 	 COPY Accuracy:  1.0  average edit distance:  0.0
on 9: 	 TASK Accuracy:  0.38  average edit distance:  1.28
on 10: Epoch  10  :  426.68901219301324
[lr=0.05 clips=38 updates=12087] on 10: 	 COPY Accuracy:  1.0  average edit distance:  0.0
on 10: 	 TASK Accuracy:  0.37  average edit distance:  1.28
on 11: Epoch  11  :  379.3437379257871
[lr=0.05 clips=47 updates=12137] on 11: 	 COPY Accuracy:  1.0  average edit distance:  0.0
on 11: 	 TASK Accuracy:  0.37  average edit distance:  1.29
on 12: Epoch  12  :  436.18154809270516
[lr=0.05 clips=44 updates=12088] on 12: 	 COPY Accuracy:  1.0  average edit distance:  0.0
on 12: 	 TASK Accuracy:  0.36  average edit distance:  1.32
on 13: Epoch  13  :  327.3245237920657
[lr=0.05 clips=42 updates=12030] on 13: 	 COPY Accuracy:  1.0  average edit distance:  0.0
on 13: 	 TASK Accuracy:  0.39  average edit distance:  1.28
on 13: Restarting the trainer with half the learning rate!
Finetuning (1) pashto: |█████████████⚠︎                          | (!) 13/40 [32%] in 7:15.8 (0.03/s) 
on 0: Epoch  0  :  237.07019054099962
[lr=0.05 clips=24 updates=10100] on 0: 	 COPY Accuracy:  1.0  average edit distance:  0.0
on 0: 	 TASK Accuracy:  0.37  average edit distance:  1.31
on 0: Restarting the trainer with half the learning rate!
on 1: Epoch  1  :  269.4897514997991
[lr=0.025 clips=34 updates=10100] on 1: 	 COPY Accuracy:  1.0  average edit distance:  0.0
on 1: 	 TASK Accuracy:  0.38  average edit distance:  1.26
on 2: Epoch  2  :  343.9622446212803
[lr=0.025 clips=29 updates=10100] on 2: 	 COPY Accuracy:  1.0  average edit distance:  0.0
on 2: 	 TASK Accuracy:  0.37  average edit distance:  1.29
on 3: Epoch  3  :  194.44784735831124
[lr=0.025 clips=30 updates=10100] on 3: 	 COPY Accuracy:  1.0  average edit distance:  0.0
on 3: 	 TASK Accuracy:  0.37  average edit distance:  1.31
on 4: Epoch  4  :  326.4437408965743
[lr=0.025 clips=31 updates=10100] on 4: 	 COPY Accuracy:  1.0  average edit distance:  0.0
on 4: 	 TASK Accuracy:  0.36  average edit distance:  1.33
on 5: Epoch  5  :  338.8193767489767
[lr=0.025 clips=31 updates=10100] on 5: 	 COPY Accuracy:  1.0  average edit distance:  0.0
on 5: 	 TASK Accuracy:  0.37  average edit distance:  1.29
on 6: Epoch  6  :  222.5763841636836
[lr=0.025 clips=28 updates=10100] on 6: 	 COPY Accuracy:  1.0  average edit distance:  0.0
on 6: 	 TASK Accuracy:  0.37  average edit distance:  1.32
on 7: Epoch  7  :  202.5803481825444
[lr=0.025 clips=27 updates=10100] on 7: 	 COPY Accuracy:  1.0  average edit distance:  0.0
on 7: 	 TASK Accuracy:  0.37  average edit distance:  1.29
on 7: Restarting the trainer with half the learning rate!
on 8: Epoch  8  :  509.0965328737876
[lr=0.0125 clips=32 updates=10100] on 8: 	 COPY Accuracy:  1.0  average edit distance:  0.0
on 8: 	 TASK Accuracy:  0.38  average edit distance:  1.25
on 9: Epoch  9  :  347.4599675806749
[lr=0.0125 clips=26 updates=10100] on 9: 	 COPY Accuracy:  1.0  average edit distance:  0.0
on 9: 	 TASK Accuracy:  0.38  average edit distance:  1.29
on 10: Epoch  10  :  403.15455225804726
[lr=0.0125 clips=31 updates=10100] on 10: 	 COPY Accuracy:  1.0  average edit distance:  0.0
on 10: 	 TASK Accuracy:  0.37  average edit distance:  1.28
on 11: Epoch  11  :  413.7324807723991
[lr=0.0125 clips=27 updates=10100] on 11: 	 COPY Accuracy:  1.0  average edit distance:  0.0
on 11: 	 TASK Accuracy:  0.38  average edit distance:  1.25
on 12: Epoch  12  :  250.0854788571777
[lr=0.0125 clips=26 updates=10100] on 12: 	 COPY Accuracy:  1.0  average edit distance:  0.0
on 12: 	 TASK Accuracy:  0.38  average edit distance:  1.25
on 13: Epoch  13  :  265.779074970059
[lr=0.0125 clips=22 updates=10100] on 13: 	 COPY Accuracy:  1.0  average edit distance:  0.0
on 13: 	 TASK Accuracy:  0.38  average edit distance:  1.25
on 14: Epoch  14  :  200.5302418756903
[lr=0.0125 clips=24 updates=10100] on 14: 	 COPY Accuracy:  1.0  average edit distance:  0.0
on 14: 	 TASK Accuracy:  0.38  average edit distance:  1.25
on 14: Restarting the trainer with half the learning rate!
Finetuning (2) pashto: |██████████████⚠︎                         | (!) 14/40 [35%] in 6:22.7 (0.04/s) 
Best dev accuracy after finetuning:  0.4
Best dev lev distance after finetuning:  1.25
Training time: 1961.7976100444794 seconds
