[dynet] random seed: 872618115
[dynet] allocating memory: 512MB
[dynet] memory allocation done.
Data lengths
transfer-language 0 0 0
test-language 100 100 100
dev 100 100 100
test 100 100
Characters: ['ⰽ', '҄', 'ⱃ', 'о', 'б', 'ч', 'ⱈ', 'ѕ', 'ѭ', 'з', 'ю', 'ѩ', 'ⰳ', 'к', 'ꙑ', 'ⰾ', 'ⰻ', 'ⱁ', 'п', 'ⰹ', 'у', 'т', 'Ⱃ', 'ⱏ', 'ⱄ', 'м', 'и', 'ь', 'ѧ', 'ⱑ', 'Ⰽ', 'щ', 'ѣ', 'ѫ', 'ꙗ', 'л', 'а', 'х', 'ⰺ', 'ъ', 'р', 'ц', 'e', 'ⰿ', 'с', 'е', 'ѹ', 'н', 'ѥ', 'в', 'ⰲ', 'д', 'г', 'ж', 'ⱌ', 'ⰰ', 'ⰵ', 'ⱍ', 'ш', '<EOS>', ' ']
Vocab size: 61
All tags: ['INS', 'ESS', 'ACC', 'SG', 'DU', 'PL', 'GEN', 'N', 'NOM', 'DAT', 'VOC', '<NULL>']
Tag vocab size: 12
[lr=0.2 clips=0 updates=20] on 0: Epoch 0 : 505.6405086517334
on 0: 	 COPY Accuracy: 0.0 average edit distance: 5.49
[lr=0.2 clips=7 updates=20] on 1: Epoch 1 : 446.14286041259766
on 1: 	 COPY Accuracy: 0.0 average edit distance: 5.49
[lr=0.2 clips=6 updates=20] on 2: Epoch 2 : 397.91931533813477
on 2: 	 COPY Accuracy: 0.0 average edit distance: 5.49
[lr=0.2 clips=4 updates=20] on 3: Epoch 3 : 365.8249177932739
on 3: 	 COPY Accuracy: 0.0 average edit distance: 5.7
[lr=0.2 clips=3 updates=20] on 4: Epoch 4 : 334.5501832962036
on 4: 	 COPY Accuracy: 0.0 average edit distance: 4.84
[lr=0.2 clips=1 updates=20] on 5: Epoch 5 : 316.33648204803467
on 5: 	 COPY Accuracy: 0.0 average edit distance: 4.9
[lr=0.2 clips=6 updates=20] on 6: Epoch 6 : 298.21217250823975
on 6: 	 COPY Accuracy: 0.0 average edit distance: 4.75
[lr=0.2 clips=6 updates=20] on 7: Epoch 7 : 277.9896354675293
on 7: 	 COPY Accuracy: 0.0 average edit distance: 4.51
[lr=0.2 clips=7 updates=20] on 8: Epoch 8 : 257.32330799102783
on 8: 	 COPY Accuracy: 0.02 average edit distance: 4.26
[lr=0.2 clips=10 updates=20] on 9: Epoch 9 : 237.9037103652954
on 9: 	 COPY Accuracy: 0.01 average edit distance: 4.09
[lr=0.2 clips=11 updates=20] on 10: Epoch 10 : 215.1047649383545
on 10: 	 COPY Accuracy: 0.01 average edit distance: 3.84
[lr=0.2 clips=14 updates=20] on 11: Epoch 11 : 192.60919046401978
on 11: 	 COPY Accuracy: 0.02 average edit distance: 3.69
[lr=0.2 clips=16 updates=20] on 12: Epoch 12 : 171.30136966705322
on 12: 	 COPY Accuracy: 0.05 average edit distance: 3.87
[lr=0.2 clips=17 updates=20] on 13: Epoch 13 : 147.83269596099854
on 13: 	 COPY Accuracy: 0.09 average edit distance: 3.02
[lr=0.2 clips=14 updates=20] on 14: Epoch 14 : 126.81413793563843
on 14: 	 COPY Accuracy: 0.13 average edit distance: 2.74
[lr=0.2 clips=18 updates=20] on 15: Epoch 15 : 105.7978184223175
on 15: 	 COPY Accuracy: 0.19 average edit distance: 2.57
[lr=0.2 clips=15 updates=20] on 16: Epoch 16 : 88.24322891235352
on 16: 	 COPY Accuracy: 0.25 average edit distance: 2.4
[lr=0.2 clips=16 updates=20] on 17: Epoch 17 : 72.39159345626831
on 17: 	 COPY Accuracy: 0.35 average edit distance: 2.03
[lr=0.2 clips=13 updates=20] on 18: Epoch 18 : 61.99752163887024
on 18: 	 COPY Accuracy: 0.39 average edit distance: 1.79
[lr=0.2 clips=11 updates=20] on 19: Epoch 19 : 50.054272532463074
on 19: 	 COPY Accuracy: 0.51 average edit distance: 1.6
[lr=0.2 clips=8 updates=20] on 20: Epoch 20 : 40.759652853012085
on 20: 	 COPY Accuracy: 0.52 average edit distance: 1.41
[lr=0.2 clips=5 updates=20] on 21: Epoch 21 : 33.196875274181366
on 21: 	 COPY Accuracy: 0.51 average edit distance: 1.63
[lr=0.2 clips=1 updates=20] on 22: Epoch 22 : 24.96601513028145
on 22: 	 COPY Accuracy: 0.61 average edit distance: 1.22
on 22: Accuracy good enough, breaking
Burning in old-church-slavonic: |████████▊⚠︎                              | (!) 22/100 [22%] in 14.4s (1.53/s) 
[lr=0.2 clips=178 updates=180] on 0: Epoch  0  :  1554.8691795170307
on 0: 	 COPY Accuracy:  0.2  average edit distance:  1.9
on 0: 	 TASK Accuracy:  0.07  average edit distance:  3.67
[lr=0.2 clips=170 updates=175] on 1: Epoch  1  :  1200.1909817159176
on 1: 	 COPY Accuracy:  0.2  average edit distance:  2.45
on 1: 	 TASK Accuracy:  0.02  average edit distance:  3.77
[lr=0.2 clips=167 updates=178] on 2: Epoch  2  :  952.0510237514973
on 2: 	 COPY Accuracy:  0.35  average edit distance:  1.65
on 2: 	 TASK Accuracy:  0.08  average edit distance:  3.36
[lr=0.2 clips=168 updates=185] on 3: Epoch  3  :  992.088487714529
on 3: 	 COPY Accuracy:  0.1  average edit distance:  2.65
on 3: 	 TASK Accuracy:  0.12  average edit distance:  3.14
[lr=0.2 clips=161 updates=177] on 4: Epoch  4  :  800.9322209507227
on 4: 	 COPY Accuracy:  0.3  average edit distance:  2.3
on 4: 	 TASK Accuracy:  0.07  average edit distance:  3.04
[lr=0.2 clips=138 updates=172] on 5: Epoch  5  :  634.9888924099505
on 5: 	 COPY Accuracy:  0.3  average edit distance:  1.85
on 5: 	 TASK Accuracy:  0.08  average edit distance:  3.13
[lr=0.2 clips=145 updates=181] on 6: Epoch  6  :  660.5554090701044
on 6: 	 COPY Accuracy:  0.3  average edit distance:  1.8
on 6: 	 TASK Accuracy:  0.1  average edit distance:  3.22
[lr=0.2 clips=128 updates=172] on 7: Epoch  7  :  512.2144429637119
on 7: 	 COPY Accuracy:  0.5  average edit distance:  1.55
on 7: 	 TASK Accuracy:  0.1  average edit distance:  2.9
[lr=0.2 clips=145 updates=188] on 8: Epoch  8  :  501.3240062347613
on 8: 	 COPY Accuracy:  0.4  average edit distance:  1.5
on 8: 	 TASK Accuracy:  0.15  average edit distance:  2.82
[lr=0.2 clips=120 updates=188] on 9: Epoch  9  :  397.7496501598507
on 9: 	 COPY Accuracy:  0.2  average edit distance:  2.45
on 9: 	 TASK Accuracy:  0.1  average edit distance:  2.85
[lr=0.2 clips=109 updates=178] on 10: Epoch  10  :  431.24152600578964
on 10: 	 COPY Accuracy:  0.25  average edit distance:  1.95
on 10: 	 TASK Accuracy:  0.12  average edit distance:  2.82
[lr=0.2 clips=116 updates=188] on 11: Epoch  11  :  354.313468195498
on 11: 	 COPY Accuracy:  0.35  average edit distance:  1.85
on 11: 	 TASK Accuracy:  0.12  average edit distance:  2.71
[lr=0.2 clips=90 updates=177] on 12: Epoch  12  :  361.940955999773
on 12: 	 COPY Accuracy:  0.5  average edit distance:  1.15
on 12: 	 TASK Accuracy:  0.15  average edit distance:  2.61
[lr=0.2 clips=87 updates=178] on 13: Epoch  13  :  206.95114055811428
on 13: 	 COPY Accuracy:  0.4  average edit distance:  1.4
on 13: 	 TASK Accuracy:  0.12  average edit distance:  2.65
[lr=0.2 clips=78 updates=182] on 14: Epoch  14  :  251.66695901262574
on 14: 	 COPY Accuracy:  0.55  average edit distance:  1.25
on 14: 	 TASK Accuracy:  0.15  average edit distance:  2.65
[lr=0.2 clips=67 updates=176] on 15: Epoch  15  :  198.3801943748258
on 15: 	 COPY Accuracy:  0.45  average edit distance:  1.2
on 15: 	 TASK Accuracy:  0.17  average edit distance:  2.63
[lr=0.2 clips=74 updates=194] on 16: Epoch  16  :  158.80458442727104
on 16: 	 COPY Accuracy:  0.7  average edit distance:  0.6
on 16: 	 TASK Accuracy:  0.13  average edit distance:  2.71
[lr=0.2 clips=48 updates=184] on 17: Epoch  17  :  95.80162958498113
on 17: 	 COPY Accuracy:  0.5  average edit distance:  1.6
on 17: 	 TASK Accuracy:  0.18  average edit distance:  2.69
[lr=0.2 clips=51 updates=184] on 18: Epoch  18  :  110.69624944380485
on 18: 	 COPY Accuracy:  0.7  average edit distance:  0.45
on 18: 	 TASK Accuracy:  0.17  average edit distance:  2.5
[lr=0.2 clips=39 updates=185] on 19: Epoch  19  :  53.85917274968233
on 19: 	 COPY Accuracy:  0.7  average edit distance:  0.8
on 19: 	 TASK Accuracy:  0.17  average edit distance:  2.48
[lr=0.2 clips=35 updates=166] on 20: Epoch  20  :  47.16617172243423
on 20: 	 COPY Accuracy:  0.6  average edit distance:  0.75
on 20: 	 TASK Accuracy:  0.18  average edit distance:  2.54
[lr=0.2 clips=32 updates=175] on 21: Epoch  21  :  48.25940779031953
on 21: 	 COPY Accuracy:  0.55  average edit distance:  1.35
on 21: 	 TASK Accuracy:  0.22  average edit distance:  2.5
[lr=0.2 clips=31 updates=168] on 22: Epoch  22  :  107.0701921871514
on 22: 	 COPY Accuracy:  0.5  average edit distance:  1.4
on 22: 	 TASK Accuracy:  0.21  average edit distance:  2.52
[lr=0.2 clips=18 updates=182] on 23: Epoch  23  :  24.12659548135707
on 23: 	 COPY Accuracy:  0.55  average edit distance:  1.35
on 23: 	 TASK Accuracy:  0.18  average edit distance:  2.4
[lr=0.2 clips=25 updates=183] on 24: Epoch  24  :  41.281666196358856
on 24: 	 COPY Accuracy:  0.55  average edit distance:  0.95
on 24: 	 TASK Accuracy:  0.18  average edit distance:  2.5
[lr=0.2 clips=27 updates=173] on 25: Epoch  25  :  34.0072784694712
on 25: 	 COPY Accuracy:  0.45  average edit distance:  1.4
on 25: 	 TASK Accuracy:  0.16  average edit distance:  2.43
[lr=0.2 clips=22 updates=185] on 26: Epoch  26  :  29.91153694804234
on 26: 	 COPY Accuracy:  0.55  average edit distance:  1.2
on 26: 	 TASK Accuracy:  0.18  average edit distance:  2.34
[lr=0.2 clips=9 updates=184] on 27: Epoch  27  :  16.417975165328244
on 27: 	 COPY Accuracy:  0.75  average edit distance:  0.8
on 27: 	 TASK Accuracy:  0.17  average edit distance:  2.42
[lr=0.2 clips=18 updates=178] on 28: Epoch  28  :  28.867908917629393
on 28: 	 COPY Accuracy:  0.55  average edit distance:  1.1
on 28: 	 TASK Accuracy:  0.17  average edit distance:  2.42
[lr=0.2 clips=21 updates=182] on 29: Epoch  29  :  35.76408507057931
on 29: 	 COPY Accuracy:  0.3  average edit distance:  2.25
on 29: 	 TASK Accuracy:  0.18  average edit distance:  2.49
[lr=0.2 clips=18 updates=175] on 30: Epoch  30  :  28.4277643565365
on 30: 	 COPY Accuracy:  0.65  average edit distance:  0.6
on 30: 	 TASK Accuracy:  0.21  average edit distance:  2.4
[lr=0.2 clips=18 updates=193] on 31: Epoch  31  :  22.87571138792555
on 31: 	 COPY Accuracy:  0.65  average edit distance:  0.9
on 31: 	 TASK Accuracy:  0.2  average edit distance:  2.39
[lr=0.2 clips=11 updates=203] on 32: Epoch  32  :  18.56945711926528
on 32: 	 COPY Accuracy:  0.5  average edit distance:  1.45
on 32: 	 TASK Accuracy:  0.17  average edit distance:  2.45
[lr=0.2 clips=12 updates=172] on 33: Epoch  33  :  21.524709959776374
on 33: 	 COPY Accuracy:  0.5  average edit distance:  1.15
on 33: 	 TASK Accuracy:  0.21  average edit distance:  2.41
[lr=0.2 clips=7 updates=182] on 34: Epoch  34  :  9.320010435578297
on 34: 	 COPY Accuracy:  0.5  average edit distance:  1.55
on 34: 	 TASK Accuracy:  0.22  average edit distance:  2.34
on 34: Restarting the trainer with half the learning rate!
[lr=0.1 clips=21 updates=183] on 35: Epoch  35  :  27.63044509795145
on 35: 	 COPY Accuracy:  0.6  average edit distance:  1.2
on 35: 	 TASK Accuracy:  0.21  average edit distance:  2.44
[lr=0.1 clips=22 updates=187] on 36: Epoch  36  :  52.53717081807554
on 36: 	 COPY Accuracy:  0.55  average edit distance:  0.85
on 36: 	 TASK Accuracy:  0.19  average edit distance:  2.5
[lr=0.1 clips=8 updates=170] on 37: Epoch  37  :  9.139521997945849
on 37: 	 COPY Accuracy:  0.55  average edit distance:  1.45
on 37: 	 TASK Accuracy:  0.22  average edit distance:  2.48
[lr=0.1 clips=19 updates=181] on 38: Epoch  38  :  23.24274692797917
on 38: 	 COPY Accuracy:  0.45  average edit distance:  1.6
on 38: 	 TASK Accuracy:  0.18  average edit distance:  2.55
[lr=0.1 clips=7 updates=174] on 39: Epoch  39  :  14.037328297723434
on 39: 	 COPY Accuracy:  0.55  average edit distance:  1.0
on 39: 	 TASK Accuracy:  0.21  average edit distance:  2.48
Pretraining old-church-slavonic: |████████████████████████████████████████| 40/40 [100%] in 23.7s (1.69/s) 
Best dev accuracy after pre-training:  0.22
Best dev lev distance after pre-training:  2.34
on 0: Epoch  0  :  4.100123054580763
[lr=0.2 clips=3 updates=145] on 0: 	 COPY Accuracy:  0.55  average edit distance:  1.6
on 0: 	 TASK Accuracy:  0.19  average edit distance:  2.41
on 1: Epoch  1  :  2.5848947951672017
[lr=0.2 clips=1 updates=136] on 1: 	 COPY Accuracy:  0.5  average edit distance:  1.5
on 1: 	 TASK Accuracy:  0.19  average edit distance:  2.47
on 2: Epoch  2  :  2.420186687493697
[lr=0.2 clips=1 updates=141] on 2: 	 COPY Accuracy:  0.6  average edit distance:  1.3
on 2: 	 TASK Accuracy:  0.18  average edit distance:  2.47
on 3: Epoch  3  :  7.305299992382061
[lr=0.2 clips=5 updates=148] on 3: 	 COPY Accuracy:  0.5  average edit distance:  1.65
on 3: 	 TASK Accuracy:  0.18  average edit distance:  2.37
on 4: Epoch  4  :  22.093088500594604
[lr=0.2 clips=4 updates=140] on 4: 	 COPY Accuracy:  0.7  average edit distance:  1.1
on 4: 	 TASK Accuracy:  0.14  average edit distance:  2.52
on 5: Epoch  5  :  2.5399577757780207
[lr=0.2 clips=1 updates=141] on 5: 	 COPY Accuracy:  0.7  average edit distance:  1.3
on 5: 	 TASK Accuracy:  0.17  average edit distance:  2.42
on 6: Epoch  6  :  2.303269273150363
[lr=0.2 clips=2 updates=148] on 6: 	 COPY Accuracy:  0.6  average edit distance:  1.5
on 6: 	 TASK Accuracy:  0.18  average edit distance:  2.47
on 7: Epoch  7  :  3.551466920398525
[lr=0.2 clips=2 updates=146] on 7: 	 COPY Accuracy:  0.65  average edit distance:  0.95
on 7: 	 TASK Accuracy:  0.17  average edit distance:  2.51
on 8: Epoch  8  :  1.577916393376654
[lr=0.2 clips=0 updates=136] on 8: 	 COPY Accuracy:  0.5  average edit distance:  2.05
on 8: 	 TASK Accuracy:  0.19  average edit distance:  2.46
on 9: Epoch  9  :  5.349392656207783
[lr=0.2 clips=1 updates=149] on 9: 	 COPY Accuracy:  0.65  average edit distance:  0.9
on 9: 	 TASK Accuracy:  0.19  average edit distance:  2.49
on 10: Epoch  10  :  1.9728857653826708
[lr=0.2 clips=1 updates=141] on 10: 	 COPY Accuracy:  0.75  average edit distance:  0.6
on 10: 	 TASK Accuracy:  0.2  average edit distance:  2.45
on 11: Epoch  11  :  1.4615476792678237
[lr=0.2 clips=1 updates=140] on 11: 	 COPY Accuracy:  0.55  average edit distance:  1.35
on 11: 	 TASK Accuracy:  0.2  average edit distance:  2.47
on 12: Epoch  12  :  2.842836445888679
[lr=0.2 clips=1 updates=147] on 12: 	 COPY Accuracy:  0.5  average edit distance:  1.35
on 12: 	 TASK Accuracy:  0.17  average edit distance:  2.54
on 12: Restarting the trainer with half the learning rate!
on 13: Epoch  13  :  13.508562045812141
[lr=0.1 clips=16 updates=134] on 13: 	 COPY Accuracy:  0.55  average edit distance:  0.95
on 13: 	 TASK Accuracy:  0.21  average edit distance:  2.46
on 14: Epoch  14  :  17.169508911756566
[lr=0.1 clips=7 updates=142] on 14: 	 COPY Accuracy:  0.5  average edit distance:  1.25
on 14: 	 TASK Accuracy:  0.21  average edit distance:  2.42
on 15: Epoch  15  :  8.006337482453091
[lr=0.1 clips=9 updates=139] on 15: 	 COPY Accuracy:  0.65  average edit distance:  1.05
on 15: 	 TASK Accuracy:  0.2  average edit distance:  2.42
on 16: Epoch  16  :  2.835322929051472
[lr=0.1 clips=2 updates=134] on 16: 	 COPY Accuracy:  0.4  average edit distance:  1.5
on 16: 	 TASK Accuracy:  0.22  average edit distance:  2.35
on 17: Epoch  17  :  3.4627598766383016
[lr=0.1 clips=3 updates=131] on 17: 	 COPY Accuracy:  0.55  average edit distance:  1.4
on 17: 	 TASK Accuracy:  0.19  average edit distance:  2.43
on 18: Epoch  18  :  3.9275663193984656
[lr=0.1 clips=2 updates=138] on 18: 	 COPY Accuracy:  0.5  average edit distance:  1.65
on 18: 	 TASK Accuracy:  0.18  average edit distance:  2.36
on 19: Epoch  19  :  5.320755728025688
[lr=0.1 clips=4 updates=132] on 19: 	 COPY Accuracy:  0.75  average edit distance:  0.35
on 19: 	 TASK Accuracy:  0.16  average edit distance:  2.43
on 20: Epoch  20  :  1.5796309874567669
[lr=0.1 clips=0 updates=142] on 20: 	 COPY Accuracy:  0.45  average edit distance:  1.55
on 20: 	 TASK Accuracy:  0.2  average edit distance:  2.36
on 21: Epoch  21  :  2.46060029687942
[lr=0.1 clips=2 updates=146] on 21: 	 COPY Accuracy:  0.6  average edit distance:  1.5
on 21: 	 TASK Accuracy:  0.19  average edit distance:  2.38
on 22: Epoch  22  :  1.7932690754823852
[lr=0.1 clips=0 updates=137] on 22: 	 COPY Accuracy:  0.5  average edit distance:  1.45
on 22: 	 TASK Accuracy:  0.19  average edit distance:  2.38
on 23: Epoch  23  :  2.9995418601465644
[lr=0.1 clips=3 updates=134] on 23: 	 COPY Accuracy:  0.45  average edit distance:  1.45
on 23: 	 TASK Accuracy:  0.19  average edit distance:  2.37
on 24: Epoch  24  :  2.797244260800653
[lr=0.1 clips=3 updates=143] on 24: 	 COPY Accuracy:  0.65  average edit distance:  1.15
on 24: 	 TASK Accuracy:  0.19  average edit distance:  2.4
on 25: Epoch  25  :  1.9068443910291535
[lr=0.1 clips=1 updates=138] on 25: 	 COPY Accuracy:  0.55  average edit distance:  1.0
on 25: 	 TASK Accuracy:  0.19  average edit distance:  2.38
on 25: Restarting the trainer with half the learning rate!
Finetuning (1) old-church-slavonic: |█████████████████████████⚠︎              | (!) 25/40 [62%] in 11.6s (2.15/s) 
on 0: Epoch  0  :  1.436363308595901
[lr=0.1 clips=2 updates=100] on 0: 	 COPY Accuracy:  0.45  average edit distance:  1.25
on 0: 	 TASK Accuracy:  0.18  average edit distance:  2.36
on 0: Restarting the trainer with half the learning rate!
on 1: Epoch  1  :  33.40884476673091
[lr=0.05 clips=11 updates=100] on 1: 	 COPY Accuracy:  0.5  average edit distance:  1.35
on 1: 	 TASK Accuracy:  0.24  average edit distance:  2.35
on 2: Epoch  2  :  10.374434593890328
[lr=0.05 clips=8 updates=100] on 2: 	 COPY Accuracy:  0.5  average edit distance:  1.65
on 2: 	 TASK Accuracy:  0.23  average edit distance:  2.41
on 3: Epoch  3  :  3.211016143031884
[lr=0.05 clips=1 updates=100] on 3: 	 COPY Accuracy:  0.6  average edit distance:  1.0
on 3: 	 TASK Accuracy:  0.24  average edit distance:  2.39
on 4: Epoch  4  :  2.5109572132350877
[lr=0.05 clips=0 updates=100] on 4: 	 COPY Accuracy:  0.4  average edit distance:  1.8
on 4: 	 TASK Accuracy:  0.23  average edit distance:  2.41
on 5: Epoch  5  :  4.340293403714895
[lr=0.05 clips=4 updates=100] on 5: 	 COPY Accuracy:  0.6  average edit distance:  0.95
on 5: 	 TASK Accuracy:  0.24  average edit distance:  2.34
on 6: Epoch  6  :  2.551003714092076
[lr=0.05 clips=1 updates=100] on 6: 	 COPY Accuracy:  0.4  average edit distance:  1.75
on 6: 	 TASK Accuracy:  0.23  average edit distance:  2.36
on 7: Epoch  7  :  1.8882926263322588
[lr=0.05 clips=0 updates=100] on 7: 	 COPY Accuracy:  0.5  average edit distance:  1.25
on 7: 	 TASK Accuracy:  0.23  average edit distance:  2.36
on 8: Epoch  8  :  2.1508471618872136
[lr=0.05 clips=0 updates=100] on 8: 	 COPY Accuracy:  0.45  average edit distance:  1.85
on 8: 	 TASK Accuracy:  0.23  average edit distance:  2.37
on 9: Epoch  9  :  2.3889162409468554
[lr=0.05 clips=1 updates=100] on 9: 	 COPY Accuracy:  0.7  average edit distance:  0.9
on 9: 	 TASK Accuracy:  0.23  average edit distance:  2.36
on 10: Epoch  10  :  1.8107024191413075
[lr=0.05 clips=0 updates=100] on 10: 	 COPY Accuracy:  0.5  average edit distance:  1.5
on 10: 	 TASK Accuracy:  0.21  average edit distance:  2.37
on 11: Epoch  11  :  2.015349292632891
[lr=0.05 clips=1 updates=100] on 11: 	 COPY Accuracy:  0.3  average edit distance:  1.3
on 11: 	 TASK Accuracy:  0.22  average edit distance:  2.4
on 12: Epoch  12  :  1.8206057517963927
[lr=0.05 clips=0 updates=100] on 12: 	 COPY Accuracy:  0.55  average edit distance:  1.1
on 12: 	 TASK Accuracy:  0.22  average edit distance:  2.36
on 13: Epoch  13  :  2.455275727828848
[lr=0.05 clips=0 updates=100] on 13: 	 COPY Accuracy:  0.4  average edit distance:  1.45
on 13: 	 TASK Accuracy:  0.22  average edit distance:  2.38
on 14: Epoch  14  :  1.3091890011710348
[lr=0.05 clips=1 updates=100] on 14: 	 COPY Accuracy:  0.6  average edit distance:  1.1
on 14: 	 TASK Accuracy:  0.22  average edit distance:  2.38
on 14: Restarting the trainer with half the learning rate!
on 15: Epoch  15  :  10.828355350735364
[lr=0.025 clips=9 updates=100] on 15: 	 COPY Accuracy:  0.6  average edit distance:  1.2
on 15: 	 TASK Accuracy:  0.23  average edit distance:  2.35
on 16: Epoch  16  :  3.5394002920365892
[lr=0.025 clips=0 updates=100] on 16: 	 COPY Accuracy:  0.5  average edit distance:  1.8
on 16: 	 TASK Accuracy:  0.23  average edit distance:  2.35
on 17: Epoch  17  :  5.208257386344485
[lr=0.025 clips=3 updates=100] on 17: 	 COPY Accuracy:  0.45  average edit distance:  1.85
on 17: 	 TASK Accuracy:  0.23  average edit distance:  2.36
on 18: Epoch  18  :  3.85870565881487
[lr=0.025 clips=1 updates=100] on 18: 	 COPY Accuracy:  0.5  average edit distance:  1.15
on 18: 	 TASK Accuracy:  0.23  average edit distance:  2.36
on 19: Epoch  19  :  13.522954018204473
[lr=0.025 clips=4 updates=100] on 19: 	 COPY Accuracy:  0.55  average edit distance:  1.25
on 19: 	 TASK Accuracy:  0.22  average edit distance:  2.37
on 20: Epoch  20  :  12.517372900503688
[lr=0.025 clips=3 updates=100] on 20: 	 COPY Accuracy:  0.5  average edit distance:  1.4
on 20: 	 TASK Accuracy:  0.23  average edit distance:  2.35
on 21: Epoch  21  :  2.355461101498804
[lr=0.025 clips=1 updates=100] on 21: 	 COPY Accuracy:  0.65  average edit distance:  0.7
on 21: 	 TASK Accuracy:  0.23  average edit distance:  2.35
on 22: Epoch  22  :  10.943432414613198
[lr=0.025 clips=5 updates=100] on 22: 	 COPY Accuracy:  0.65  average edit distance:  1.1
on 22: 	 TASK Accuracy:  0.23  average edit distance:  2.34
on 23: Epoch  23  :  2.59780396806309
[lr=0.025 clips=2 updates=100] on 23: 	 COPY Accuracy:  0.45  average edit distance:  1.25
on 23: 	 TASK Accuracy:  0.23  average edit distance:  2.34
on 24: Epoch  24  :  2.126459218270611
[lr=0.025 clips=0 updates=100] on 24: 	 COPY Accuracy:  0.4  average edit distance:  2.15
on 24: 	 TASK Accuracy:  0.22  average edit distance:  2.35
on 25: Epoch  25  :  2.255156601750059
[lr=0.025 clips=0 updates=100] on 25: 	 COPY Accuracy:  0.55  average edit distance:  0.75
on 25: 	 TASK Accuracy:  0.21  average edit distance:  2.39
on 26: Epoch  26  :  2.9083668667881284
[lr=0.025 clips=2 updates=100] on 26: 	 COPY Accuracy:  0.45  average edit distance:  1.65
on 26: 	 TASK Accuracy:  0.22  average edit distance:  2.36
on 27: Epoch  27  :  1.9598772625031415
[lr=0.025 clips=0 updates=100] on 27: 	 COPY Accuracy:  0.65  average edit distance:  0.95
on 27: 	 TASK Accuracy:  0.21  average edit distance:  2.38
on 27: Restarting the trainer with half the learning rate!
Finetuning (2) old-church-slavonic: |███████████████████████████⚠︎            | (!) 27/40 [68%] in 9.9s (2.74/s) 
Best dev accuracy after finetuning:  0.24
Best dev lev distance after finetuning:  2.34
Training time: 59.644384145736694 seconds
