[dynet] random seed: 1625720146
[dynet] allocating memory: 512MB
[dynet] memory allocation done.
Data lengths
transfer-language 0 0 0
test-language 10100 10100 10100
dev 50 50 50
test 50 50
Characters: ['j', 'u', 'ż', 'ł', 'p', 's', 'ô', 't', 'w', 'ó', 'ą', 'd', 'h', 'z', 'o', 'm', 'b', 'ù', 'J', 'k', 'c', 'n', 'r', 'ë', 'g', 'é', 'ń', 'i', 'ò', 'a', 'e', 'l', 'ã', '<EOS>', ' ']
Vocab size: 35
All tags: ['INS', 'PL', 'GEN', 'SG', 'N', 'NOM', 'ESS', 'ACC', 'DAT', 'VOC', '<NULL>']
Tag vocab size: 11
[lr=0.1 clips=1535 updates=2020] on 0: Epoch 0 : 16226.28785020113
on 0: 	 COPY Accuracy: 1.0 average edit distance: 0.0
on 0: Accuracy good enough, breaking
Burning in kashubian: |⚠︎                                       | (!) 0/100 [0%] in 51.3s (0.00/s) 
[lr=0.1 clips=3798 updates=14174] on 0: Epoch  0  :  18628.195889666018
on 0: 	 COPY Accuracy:  1.0  average edit distance:  0.0
on 0: 	 TASK Accuracy:  0.23  average edit distance:  0.86
[lr=0.1 clips=572 updates=14083] on 1: Epoch  1  :  3164.2990533853726
on 1: 	 COPY Accuracy:  1.0  average edit distance:  0.0
on 1: 	 TASK Accuracy:  0.24  average edit distance:  0.82
[lr=0.1 clips=253 updates=14257] on 2: Epoch  2  :  1543.5619726112147
on 2: 	 COPY Accuracy:  1.0  average edit distance:  0.0
on 2: 	 TASK Accuracy:  0.25  average edit distance:  0.82
[lr=0.1 clips=137 updates=14119] on 3: Epoch  3  :  934.2082276843248
on 3: 	 COPY Accuracy:  1.0  average edit distance:  0.0
on 3: 	 TASK Accuracy:  0.26  average edit distance:  0.76
[lr=0.1 clips=130 updates=14115] on 4: Epoch  4  :  767.8683905357
on 4: 	 COPY Accuracy:  1.0  average edit distance:  0.0
on 4: 	 TASK Accuracy:  0.27  average edit distance:  0.8
[lr=0.1 clips=92 updates=14207] on 5: Epoch  5  :  376.6539237119131
on 5: 	 COPY Accuracy:  1.0  average edit distance:  0.0
on 5: 	 TASK Accuracy:  0.24  average edit distance:  0.9
[lr=0.1 clips=70 updates=14176] on 6: Epoch  6  :  468.4704922114997
on 6: 	 COPY Accuracy:  1.0  average edit distance:  0.0
on 6: 	 TASK Accuracy:  0.23  average edit distance:  0.86
[lr=0.1 clips=76 updates=14221] on 7: Epoch  7  :  604.3694549628763
on 7: 	 COPY Accuracy:  1.0  average edit distance:  0.0
on 7: 	 TASK Accuracy:  0.23  average edit distance:  0.78
[lr=0.1 clips=54 updates=14097] on 8: Epoch  8  :  440.1241661582062
on 8: 	 COPY Accuracy:  1.0  average edit distance:  0.0
on 8: 	 TASK Accuracy:  0.25  average edit distance:  0.78
[lr=0.1 clips=42 updates=14110] on 9: Epoch  9  :  132.46873751654027
on 9: 	 COPY Accuracy:  1.0  average edit distance:  0.0
on 9: 	 TASK Accuracy:  0.25  average edit distance:  0.82
[lr=0.1 clips=40 updates=14274] on 10: Epoch  10  :  76.17088772416277
on 10: 	 COPY Accuracy:  1.0  average edit distance:  0.0
on 10: 	 TASK Accuracy:  0.23  average edit distance:  0.78
[lr=0.1 clips=32 updates=14168] on 11: Epoch  11  :  203.06413415449205
on 11: 	 COPY Accuracy:  1.0  average edit distance:  0.0
on 11: 	 TASK Accuracy:  0.27  average edit distance:  0.74
[lr=0.1 clips=24 updates=14117] on 12: Epoch  12  :  60.04918379276701
on 12: 	 COPY Accuracy:  1.0  average edit distance:  0.0
on 12: 	 TASK Accuracy:  0.25  average edit distance:  0.74
[lr=0.1 clips=21 updates=14156] on 13: Epoch  13  :  179.14199987445983
on 13: 	 COPY Accuracy:  1.0  average edit distance:  0.0
on 13: 	 TASK Accuracy:  0.27  average edit distance:  0.7
[lr=0.1 clips=20 updates=14112] on 14: Epoch  14  :  185.04882061376196
on 14: 	 COPY Accuracy:  1.0  average edit distance:  0.0
on 14: 	 TASK Accuracy:  0.28  average edit distance:  0.68
[lr=0.1 clips=26 updates=14073] on 15: Epoch  15  :  77.69035159554065
on 15: 	 COPY Accuracy:  1.0  average edit distance:  0.0
on 15: 	 TASK Accuracy:  0.24  average edit distance:  0.8
[lr=0.1 clips=29 updates=14105] on 16: Epoch  16  :  222.5668349817669
on 16: 	 COPY Accuracy:  1.0  average edit distance:  0.0
on 16: 	 TASK Accuracy:  0.26  average edit distance:  0.8
[lr=0.1 clips=23 updates=14182] on 17: Epoch  17  :  156.80869902988061
on 17: 	 COPY Accuracy:  1.0  average edit distance:  0.0
on 17: 	 TASK Accuracy:  0.21  average edit distance:  0.92
[lr=0.1 clips=36 updates=14141] on 18: Epoch  18  :  252.84884680185883
on 18: 	 COPY Accuracy:  1.0  average edit distance:  0.0
on 18: 	 TASK Accuracy:  0.22  average edit distance:  0.84
[lr=0.1 clips=22 updates=14142] on 19: Epoch  19  :  140.3159682756656
on 19: 	 COPY Accuracy:  1.0  average edit distance:  0.0
on 19: 	 TASK Accuracy:  0.23  average edit distance:  0.84
[lr=0.1 clips=7 updates=14158] on 20: Epoch  20  :  29.97740564838901
on 20: 	 COPY Accuracy:  1.0  average edit distance:  0.0
on 20: 	 TASK Accuracy:  0.23  average edit distance:  0.84
[lr=0.1 clips=18 updates=14122] on 21: Epoch  21  :  80.83943445037303
on 21: 	 COPY Accuracy:  1.0  average edit distance:  0.0
on 21: 	 TASK Accuracy:  0.23  average edit distance:  0.9
on 21: Restarting the trainer with half the learning rate!
[lr=0.05 clips=19 updates=14197] on 22: Epoch  22  :  73.5434005293891
on 22: 	 COPY Accuracy:  1.0  average edit distance:  0.0
on 22: 	 TASK Accuracy:  0.27  average edit distance:  0.7
[lr=0.05 clips=12 updates=14239] on 23: Epoch  23  :  42.76561456983211
on 23: 	 COPY Accuracy:  1.0  average edit distance:  0.0
on 23: 	 TASK Accuracy:  0.27  average edit distance:  0.72
[lr=0.05 clips=10 updates=14157] on 24: Epoch  24  :  61.74354739632186
on 24: 	 COPY Accuracy:  1.0  average edit distance:  0.0
on 24: 	 TASK Accuracy:  0.26  average edit distance:  0.72
[lr=0.05 clips=6 updates=14206] on 25: Epoch  25  :  108.61550089410429
on 25: 	 COPY Accuracy:  1.0  average edit distance:  0.0
on 25: 	 TASK Accuracy:  0.28  average edit distance:  0.68
[lr=0.05 clips=6 updates=14201] on 26: Epoch  26  :  12.254818298923198
on 26: 	 COPY Accuracy:  1.0  average edit distance:  0.0
on 26: 	 TASK Accuracy:  0.28  average edit distance:  0.68
[lr=0.05 clips=7 updates=14165] on 27: Epoch  27  :  13.148747295007553
on 27: 	 COPY Accuracy:  1.0  average edit distance:  0.0
on 27: 	 TASK Accuracy:  0.28  average edit distance:  0.68
[lr=0.05 clips=1 updates=14105] on 28: Epoch  28  :  2.253744975204441
on 28: 	 COPY Accuracy:  1.0  average edit distance:  0.0
on 28: 	 TASK Accuracy:  0.28  average edit distance:  0.68
on 28: Restarting the trainer with half the learning rate!
Pretraining kashubian: |████████████████████████████⚠︎           | (!) 28/40 [70%] in 20:03.6 (0.02/s) 
Best dev accuracy after pre-training:  0.28
Best dev lev distance after pre-training:  0.68
on 0: Epoch  0  :  67.16966210381533
[lr=0.1 clips=12 updates=12177] on 0: 	 COPY Accuracy:  1.0  average edit distance:  0.0
on 0: 	 TASK Accuracy:  0.5  average edit distance:  0.74
on 1: Epoch  1  :  190.51336229610573
[lr=0.1 clips=22 updates=12143] on 1: 	 COPY Accuracy:  1.0  average edit distance:  0.0
on 1: 	 TASK Accuracy:  0.5  average edit distance:  0.78
on 2: Epoch  2  :  116.78320131425939
[lr=0.1 clips=17 updates=12066] on 2: 	 COPY Accuracy:  1.0  average edit distance:  0.0
on 2: 	 TASK Accuracy:  0.52  average edit distance:  0.74
on 3: Epoch  3  :  75.73095915833568
[lr=0.1 clips=9 updates=12101] on 3: 	 COPY Accuracy:  1.0  average edit distance:  0.0
on 3: 	 TASK Accuracy:  0.52  average edit distance:  0.74
on 4: Epoch  4  :  80.47696920973473
[lr=0.1 clips=8 updates=12114] on 4: 	 COPY Accuracy:  1.0  average edit distance:  0.0
on 4: 	 TASK Accuracy:  0.5  average edit distance:  0.76
on 5: Epoch  5  :  15.273685376454395
[lr=0.1 clips=6 updates=12108] on 5: 	 COPY Accuracy:  1.0  average edit distance:  0.0
on 5: 	 TASK Accuracy:  0.52  average edit distance:  0.74
on 6: Epoch  6  :  211.2409830233196
[lr=0.1 clips=19 updates=12134] on 6: 	 COPY Accuracy:  1.0  average edit distance:  0.0
on 6: 	 TASK Accuracy:  0.54  average edit distance:  0.72
on 7: Epoch  7  :  104.29392904679247
[lr=0.1 clips=14 updates=12162] on 7: 	 COPY Accuracy:  1.0  average edit distance:  0.0
on 7: 	 TASK Accuracy:  0.54  average edit distance:  0.7
on 8: Epoch  8  :  155.35493045361676
[lr=0.1 clips=12 updates=12130] on 8: 	 COPY Accuracy:  1.0  average edit distance:  0.0
on 8: 	 TASK Accuracy:  0.56  average edit distance:  0.68
on 9: Epoch  9  :  107.45757623760657
[lr=0.1 clips=7 updates=12158] on 9: 	 COPY Accuracy:  1.0  average edit distance:  0.0
on 9: 	 TASK Accuracy:  0.52  average edit distance:  0.72
on 10: Epoch  10  :  129.73863917325087
[lr=0.1 clips=19 updates=12090] on 10: 	 COPY Accuracy:  1.0  average edit distance:  0.0
on 10: 	 TASK Accuracy:  0.52  average edit distance:  0.72
on 11: Epoch  11  :  109.65177943342543
[lr=0.1 clips=9 updates=12171] on 11: 	 COPY Accuracy:  1.0  average edit distance:  0.0
on 11: 	 TASK Accuracy:  0.48  average edit distance:  0.8
on 12: Epoch  12  :  82.85906253643651
[lr=0.1 clips=7 updates=12166] on 12: 	 COPY Accuracy:  1.0  average edit distance:  0.0
on 12: 	 TASK Accuracy:  0.54  average edit distance:  0.7
on 13: Epoch  13  :  30.5664275614063
[lr=0.1 clips=6 updates=12216] on 13: 	 COPY Accuracy:  1.0  average edit distance:  0.0
on 13: 	 TASK Accuracy:  0.48  average edit distance:  0.72
on 14: Epoch  14  :  116.88036923885758
[lr=0.1 clips=12 updates=12156] on 14: 	 COPY Accuracy:  1.0  average edit distance:  0.0
on 14: 	 TASK Accuracy:  0.46  average edit distance:  0.8
on 15: Epoch  15  :  64.48327328587825
[lr=0.1 clips=8 updates=12132] on 15: 	 COPY Accuracy:  1.0  average edit distance:  0.0
on 15: 	 TASK Accuracy:  0.44  average edit distance:  0.88
on 15: Restarting the trainer with half the learning rate!
on 16: Epoch  16  :  4.830638589510684
[lr=0.05 clips=2 updates=12140] on 16: 	 COPY Accuracy:  1.0  average edit distance:  0.0
on 16: 	 TASK Accuracy:  0.56  average edit distance:  0.68
on 17: Epoch  17  :  7.528659854014606
[lr=0.05 clips=10 updates=12142] on 17: 	 COPY Accuracy:  1.0  average edit distance:  0.0
on 17: 	 TASK Accuracy:  0.52  average edit distance:  0.74
on 18: Epoch  18  :  3.7330252027645656
[lr=0.05 clips=3 updates=12150] on 18: 	 COPY Accuracy:  1.0  average edit distance:  0.0
on 18: 	 TASK Accuracy:  0.52  average edit distance:  0.74
on 19: Epoch  19  :  43.63580906306643
[lr=0.05 clips=2 updates=12108] on 19: 	 COPY Accuracy:  1.0  average edit distance:  0.0
on 19: 	 TASK Accuracy:  0.52  average edit distance:  0.74
on 20: Epoch  20  :  36.5948406638296
[lr=0.05 clips=6 updates=12099] on 20: 	 COPY Accuracy:  1.0  average edit distance:  0.0
on 20: 	 TASK Accuracy:  0.52  average edit distance:  0.74
on 21: Epoch  21  :  2.927652951769275
[lr=0.05 clips=5 updates=12113] on 21: 	 COPY Accuracy:  1.0  average edit distance:  0.0
on 21: 	 TASK Accuracy:  0.52  average edit distance:  0.74
on 22: Epoch  22  :  1.8080605885963195
[lr=0.05 clips=0 updates=12124] on 22: 	 COPY Accuracy:  1.0  average edit distance:  0.0
on 22: 	 TASK Accuracy:  0.52  average edit distance:  0.74
on 22: Restarting the trainer with half the learning rate!
Finetuning (1) kashubian: |██████████████████████⚠︎                 | (!) 22/40 [55%] in 12:52.8 (0.03/s) 
on 0: Epoch  0  :  1.3759087214302355
[lr=0.05 clips=0 updates=10100] on 0: 	 COPY Accuracy:  1.0  average edit distance:  0.0
on 0: 	 TASK Accuracy:  0.52  average edit distance:  0.74
on 0: Restarting the trainer with half the learning rate!
on 1: Epoch  1  :  36.25355237034188
[lr=0.025 clips=4 updates=10100] on 1: 	 COPY Accuracy:  1.0  average edit distance:  0.0
on 1: 	 TASK Accuracy:  0.56  average edit distance:  0.68
on 2: Epoch  2  :  23.00487259467478
[lr=0.025 clips=2 updates=10100] on 2: 	 COPY Accuracy:  1.0  average edit distance:  0.0
on 2: 	 TASK Accuracy:  0.56  average edit distance:  0.68
on 3: Epoch  3  :  3.5009556997362807
[lr=0.025 clips=5 updates=10100] on 3: 	 COPY Accuracy:  1.0  average edit distance:  0.0
on 3: 	 TASK Accuracy:  0.56  average edit distance:  0.68
on 4: Epoch  4  :  125.17084553484189
[lr=0.025 clips=2 updates=10100] on 4: 	 COPY Accuracy:  1.0  average edit distance:  0.0
on 4: 	 TASK Accuracy:  0.56  average edit distance:  0.68
on 5: Epoch  5  :  24.934183440382412
[lr=0.025 clips=2 updates=10100] on 5: 	 COPY Accuracy:  1.0  average edit distance:  0.0
on 5: 	 TASK Accuracy:  0.54  average edit distance:  0.7
on 6: Epoch  6  :  9.531147458606597
[lr=0.025 clips=3 updates=10100] on 6: 	 COPY Accuracy:  1.0  average edit distance:  0.0
on 6: 	 TASK Accuracy:  0.52  average edit distance:  0.72
on 7: Epoch  7  :  1.431683651072305
[lr=0.025 clips=0 updates=10100] on 7: 	 COPY Accuracy:  1.0  average edit distance:  0.0
on 7: 	 TASK Accuracy:  0.52  average edit distance:  0.72
on 7: Restarting the trainer with half the learning rate!
on 8: Epoch  8  :  15.704273602766321
[lr=0.0125 clips=4 updates=10100] on 8: 	 COPY Accuracy:  1.0  average edit distance:  0.0
on 8: 	 TASK Accuracy:  0.56  average edit distance:  0.68
on 9: Epoch  9  :  13.183239267814372
[lr=0.0125 clips=6 updates=10100] on 9: 	 COPY Accuracy:  1.0  average edit distance:  0.0
on 9: 	 TASK Accuracy:  0.56  average edit distance:  0.68
on 10: Epoch  10  :  26.714298872448197
[lr=0.0125 clips=4 updates=10100] on 10: 	 COPY Accuracy:  1.0  average edit distance:  0.0
on 10: 	 TASK Accuracy:  0.56  average edit distance:  0.68
on 11: Epoch  11  :  51.11927746552709
[lr=0.0125 clips=7 updates=10100] on 11: 	 COPY Accuracy:  1.0  average edit distance:  0.0
on 11: 	 TASK Accuracy:  0.56  average edit distance:  0.68
on 12: Epoch  12  :  2.06018227350971
[lr=0.0125 clips=1 updates=10100] on 12: 	 COPY Accuracy:  1.0  average edit distance:  0.0
on 12: 	 TASK Accuracy:  0.56  average edit distance:  0.68
on 13: Epoch  13  :  2.8193531172699124
[lr=0.0125 clips=3 updates=10100] on 13: 	 COPY Accuracy:  1.0  average edit distance:  0.0
on 13: 	 TASK Accuracy:  0.56  average edit distance:  0.68
on 14: Epoch  14  :  1.9968206867153953
[lr=0.0125 clips=4 updates=10100] on 14: 	 COPY Accuracy:  1.0  average edit distance:  0.0
on 14: 	 TASK Accuracy:  0.52  average edit distance:  0.72
on 14: Restarting the trainer with half the learning rate!
Finetuning (2) kashubian: |██████████████⚠︎                         | (!) 14/40 [35%] in 7:01.1 (0.03/s) 
Best dev accuracy after finetuning:  0.56
Best dev lev distance after finetuning:  0.68
Training time: 2448.793869972229 seconds
